version: (200506)

available memory: 64M bytes
used memory: 155648 bytes [need 152K bytes if disable swap]

used block: 5 [memory(5) file(0)]
                 [ 8K(3) 64K(2) { total 152K bytes } ]
overhead: (9538) bytes for (5) blocks [Average: (1907) bytes/block]

write  => 0(times) 0K(bytes) [0K bytes to file]
read   => 2(times) 13K(bytes) [3K bytes compressed data from file]
access => 420565(times) 3292M(bytes)
          [hit ratio: 99.9995%]

time: write(0) read(0)  unit: second

swap file directory: (/home/projects/ee478.2023spr/gbeatty3/OoO_Processor/in-order/toplevel/sim/presyn/verdiLog)
used swap file number: (3)



swap file manager:
arrSize: (256)
idxCnt: (4)
closeHead: (1)
closeTail: (3)
openCnt: (3)
fid(3): fd(1073741825) fileName(/home/projects/ee478.2023spr/gbeatty3/OoO_Processor/in-order/toplevel/sim/presyn/simv.daidir/kdb.elab++/work.lib++/imem.v.tdc)
	size(4036) lastModTime(1685993507) curModTime(1685993507)
	mode(rb)	hot(0) cool(2) pos(0)
fid(2): fd(28) fileName(/home/projects/ee478.2023spr/gbeatty3/OoO_Processor/in-order/toplevel/sim/presyn/verdiLog/_swap_0001#-1626722848#26887)
	size(0) lastModTime(0) curModTime(1685993621)
	mode(w+b)	hot(3) cool(1) pos(0)
fid(1): fd(1073741824) fileName(/home/projects/ee478.2023spr/gbeatty3/OoO_Processor/in-order/toplevel/sim/presyn/simv.daidir/kdb.elab++/work.lib++/top_level_with_macros_tb.sv.tdc)
	size(1650) lastModTime(1685993507) curModTime(1685993507)
	mode(rb)	hot(2) cool(0) pos(0)
fid(0): fd(0) fileName(NULL)
	mode(NULL)	hot(0) cool(0) pos(0)
==================================================
mySelf(0x1ba215e0) pre(0x1ba12f00) next((nil))
version(200506)
date(Apr 25 2022 02:34:42)
