Warning: Could not read any link_library files. The link_library setting {"*", "stdcells-wc.db", "stdcells-bc.db", "dw_foundation.sldb"} may be invalid. (UID-349)

  Loading design 'fsm'
Warning: Layer 'metal1' is missing the optional 'edge capacitance' attribute. (PSYN-101)
Warning: Layer 'metal2' is missing the optional 'edge capacitance' attribute. (PSYN-101)
Warning: Layer 'metal3' is missing the optional 'edge capacitance' attribute. (PSYN-101)
Warning: Layer 'metal4' is missing the optional 'edge capacitance' attribute. (PSYN-101)
Warning: Layer 'metal5' is missing the optional 'edge capacitance' attribute. (PSYN-101)
Warning: Layer 'metal6' is missing the optional 'edge capacitance' attribute. (PSYN-101)
Warning: Layer 'metal7' is missing the optional 'edge capacitance' attribute. (PSYN-101)
Warning: Layer 'metal8' is missing the optional 'edge capacitance' attribute. (PSYN-101)
Warning: Layer 'metal9' is missing the optional 'edge capacitance' attribute. (PSYN-101)
Warning: Layer 'metal10' is missing the optional 'edge capacitance' attribute. (PSYN-101)




Information: The design has 5 physical cells. (PSYN-105)
Information: Library Manufacturing Grid(GridResolution) : 5
Information: Time Unit from Milkyway design library: 'ns' 
Information: Design Library and main library timing units are matched - 1.000 ns. 
Information: Resistance Unit from Milkyway design library: 'kohm' 
Warning: Mismatch in the main library and the Milkyway library resistance units. In the main library it is 1000.000 kohm and in the Milkyway design library it is 1.000 kohm. Check and correct the resistance units in the .tf and .db files. (PSYN-476)
Information: Capacitance Unit from Milkyway design library: 'pf' 
Warning: Mismatch in the main and the Milkyway library capacitance units. In the main library it is 0.001 pf and in the Milkyway design library it is 1.000 pf. Check and correct the capacitance units in the .tf and .db files. (PSYN-477)
Information: Layer metal7 is ignored for resistance and capacitance computation. (RCEX-019)
Information: Layer metal8 is ignored for resistance and capacitance computation. (RCEX-019)
Information: Layer metal9 is ignored for resistance and capacitance computation. (RCEX-019)
Information: Layer metal10 is ignored for resistance and capacitance computation. (RCEX-019)
Error: Initialization of the detail route TLU+ RC model failed. (RCEX-030)
Error: Extraction failed. (RCEX-205)
Information: Updating graph... (UID-83)
Information: Updating design information... (UID-85)
Information: Input delay ('rise') on clock port 'clk' will be added to the clock's propagated skew. (TIM-112)
Information: Input delay ('fall') on clock port 'clk' will be added to the clock's propagated skew. (TIM-112)
Warning: Clock network timing may not be up-to-date since only 0.000000 percentage of clock nets are routed. (TIM-233)
 
****************************************
Report : timing
        -path end
        -delay max
        -max_paths 200
Design : fsm
Version: T-2022.03-SP3
Date   : Tue May 16 23:07:53 2023
****************************************

 * Some/all delay information is back-annotated.

Operating Conditions: slow   Library: NangateOpenCellLibrary

Information: Percent of Arnoldi-based delays =  0.00%

Endpoint                         Path Delay     Path Required     Slack
------------------------------------------------------------------------
ps_reg_0_/D (DFF_X1)                1.12 f            4.85         3.73
Status_reg_0_/D (DFF_X1)            0.99 r            4.90         3.91
Output2_reg/D (DFF_X1)              0.95 r            4.91         3.96
ps_reg_0_/D (DFF_X1)                0.86 f            4.85         3.98
Status_reg_1_/D (DFF_X1)            0.86 f            4.85         3.99
Status[1] (out)                     0.81 r            4.85         4.04
ps_reg_2_/D (DFF_X1)                0.79 f            4.85         4.06
Status_reg_0_/D (DFF_X1)            0.83 r            4.90         4.06
Output2_reg/D (DFF_X1)              0.79 r            4.91         4.12
Output2 (out)                       0.72 r            4.85         4.13
Status[0] (out)                     0.72 r            4.85         4.13
Output1 (out)                       0.72 r            4.85         4.13
Output1_reg/D (DFF_X1)              0.70 f            4.83         4.13
ps_reg_2_/D (DFF_X1)                0.70 f            4.85         4.15
Status_reg_1_/D (DFF_X1)            0.76 r            4.92         4.16
Output1_reg/D (DFF_X1)              0.56 r            4.90         4.34

1
