 
****************************************
Report : saif
        -hierarchy
Design : fsm
Version: T-2022.03-SP3
Date   : Tue May 16 23:07:53 2023
****************************************

  

--------------------------------------------------------------------------------
              User              Default           Propagated
Object type   Annotated (%)     Activity (%)      Activity (%)       Total
--------------------------------------------------------------------------------
  
 Nets         0(0.00%)          8(18.60%)         35(81.40%)         43
 Ports        0(0.00%)          5(55.56%)         4(44.44%)          9
 Pins         0(0.00%)          29(23.58%)        94(76.42%)         123
--------------------------------------------------------------------------------
1
 
****************************************
Report : saif
        -missing
Design : fsm
Version: T-2022.03-SP3
Date   : Tue May 16 23:07:54 2023
****************************************

  

--------------------------------------------------------------------------------
              User              Default           Propagated
Object type   Annotated (%)     Activity (%)      Activity (%)       Total
--------------------------------------------------------------------------------
  
 Nets         0(0.00%)          8(18.60%)         35(81.40%)         43
 Ports        0(0.00%)          5(55.56%)         4(44.44%)          9
 Pins         0(0.00%)          29(23.58%)        94(76.42%)         123
--------------------------------------------------------------------------------

 List of Non-annotated ports :

   Status[1] 
   Status[2] 
   Reset 
   Clock 
   A 
   B 
   Output1 
   Output2 
   Status[0] 

 List of Non-annotated nets :

   Status[1] 
   Status[2] 
   Reset 
   Clock 
   A 
   B 
   Output1 
   Output2 
   Status[0] 
   LOGIC1_X1!U0_net 
   n5 
   ps[0] 
   n50 
   n3 
   ps[2] 
   N63 
   N60 
   N62 
   N61 
   n49 
   n27 
   n26 
   n28 
   n31 
   n29 
   n34 
   n30 
   n33 
   n40 
   n32 
   n45 
   n42 
   n38 
   n37 
   n35 
   n36 
   n44 
   n48 
   n39 
   n47 
   n41 
   n43 
   n46 

 List of Non-annotated pins :

   LOGIC1_X1!U0/Z 
   ps_reg_0_/D 
   ps_reg_0_/CK 
   ps_reg_0_/Q 
   ps_reg_0_/QN 
   ps_reg_2_/D 
   ps_reg_2_/CK 
   ps_reg_2_/Q 
   ps_reg_2_/QN 
   Output2_reg/D 
   Output2_reg/CK 
   Output2_reg/Q 
   Output2_reg/QN 
   Status_reg_0_/D 
   Status_reg_0_/CK 
   Status_reg_0_/Q 
   Status_reg_0_/QN 
   Output1_reg/D 
   Output1_reg/CK 
   Output1_reg/Q 
   Output1_reg/QN 
   Status_reg_1_/D 
   Status_reg_1_/CK 
   Status_reg_1_/Q 
   Status_reg_1_/QN 
   U36/A1 
   U36/A2 
   U36/ZN 
   U37/B1 
   U37/B2 
   U37/A 
   U37/ZN 
   U38/B1 
   U38/B2 
   U38/A 
   U38/ZN 
   U39/A 
   U39/ZN 
   U40/B1 
   U40/B2 
   U40/A 
   U40/ZN 
   U41/A1 
   U41/A2 
   U41/ZN 
   U42/B1 
   U42/B2 
   U42/A 
   U42/ZN 
   U43/A 
   U43/ZN 
   U44/A 
   U44/ZN 
   U45/A1 
   U45/A2 
   U45/ZN 
   U46/A 
   U46/B 
   U46/S 
   U46/Z 
   U47/A 
   U47/ZN 
   U48/A1 
   U48/A2 
   U48/ZN 
   U49/A1 
   U49/A2 
   U49/ZN 
   U50/A1 
   U50/A2 
   U50/ZN 
   U51/A 
   U51/ZN 
   U52/A1 
   U52/A2 
   U52/A3 
   U52/ZN 
   U53/A 
   U53/B 
   U53/S 
   U53/Z 
   U54/A1 
   U54/A2 
   U54/ZN 
   U55/A1 
   U55/A2 
   U55/ZN 
   U56/A1 
   U56/A2 
   U56/ZN 
   U57/A1 
   U57/A2 
   U57/A3 
   U57/ZN 
   U58/B1 
   U58/B2 
   U58/A 
   U58/ZN 
   U59/A1 
   U59/A2 
   U59/ZN 
   U60/B1 
   U60/B2 
   U60/A 
   U60/ZN 
   U61/A1 
   U61/A2 
   U61/ZN 
   U62/A1 
   U62/A2 
   U62/A3 
   U62/ZN 
   U63/A1 
   U63/A2 
   U63/B1 
   U63/B2 
   U63/ZN 
   U64/A1 
   U64/A2 
   U64/A3 
   U64/ZN 
   U34/A 
   U34/ZN 

--------------------------------------------------------------------------------
1
