 
****************************************
Report : net fanout
        -threshold 32
Design : top_level_with_macros
Version: T-2022.03-SP3
Date   : Mon Jun  5 13:08:46 2023
****************************************


Operating Conditions: slow   Library: NangateOpenCellLibrary
Wire Load Model Mode: top

Design        Wire Load Model            Library
------------------------------------------------
top_level_with_macros  5K_hvratio_1_1    NangateOpenCellLibrary


Attributes:
   dr - drc disabled
    c - annotated capacitance
    d - dont_touch
    i - ideal_net
    I - ideal_network
    p - includes pin load
    r - annotated resistance
    h - high fanout

Net                 Fanout   Attributes   Capacitance   Driver
--------------------------------------------------------------------------------
1
