 
****************************************
Report : power
        -analysis_effort low
        -verbose
Design : top_level_with_macros
Version: T-2022.03-SP3
Date   : Mon Jun  5 13:08:46 2023
****************************************


Library(s) Used:

    No libraries used.


Operating Conditions: slow   Library: NangateOpenCellLibrary
Wire Load Model Mode: top

Design        Wire Load Model            Library
------------------------------------------------
top_level_with_macros  5K_hvratio_1_1    NangateOpenCellLibrary


Global Operating Voltage = 0.95 
Power-specific unit information :
    Voltage Units = 1V
    Capacitance Units = 1.000000ff
    Time Units = 1ns
    Dynamic Power Units = 1uW    (derived from V,C,T units)
    Leakage Power Units = 1nW


Attributes
----------
i - Including register clock pin internal power


  Cell Internal Power  =   0.0000 uW        
  Net Switching Power  =   0.0000 uW        
                         ---------
Total Dynamic Power    =   0.0000 uW        

Cell Leakage Power     =   0.0000 nW

                 Internal         Switching           Leakage            Total                         Cell
Power Group      Power            Power               Power              Power   (   %    )  Attrs  Count
---------------------------------------------------------------------------------------------------------
io_pad             0.0000            0.0000            0.0000            0.0000  (     N/A)             0
memory             0.0000            0.0000            0.0000            0.0000  (     N/A)            0
black_box          0.0000            0.0000            0.0000            0.0000  (     N/A)            0
clock_network      0.0000            0.0000            0.0000            0.0000  (     N/A)           0 i
register           0.0000            0.0000            0.0000            0.0000  (     N/A)            0
sequential         0.0000            0.0000            0.0000            0.0000  (     N/A)            0
combinational      0.0000            0.0000            0.0000            0.0000  (     N/A)            0
---------------------------------------------------------------------------------------------------------
Total              0.0000 uW         0.0000 uW         0.0000 nW         0.0000 uW
1
