Warning: Could not read any link_library files. The link_library setting {"*", "stdcells-wc.db", "stdcells-bc.db", "dw_foundation.sldb"} may be invalid. (UID-349)

  Loading design 'cpu'
Warning: Layer 'metal1' is missing the optional 'edge capacitance' attribute. (PSYN-101)
Warning: Layer 'metal2' is missing the optional 'edge capacitance' attribute. (PSYN-101)
Warning: Layer 'metal3' is missing the optional 'edge capacitance' attribute. (PSYN-101)
Warning: Layer 'metal4' is missing the optional 'edge capacitance' attribute. (PSYN-101)
Warning: Layer 'metal5' is missing the optional 'edge capacitance' attribute. (PSYN-101)
Warning: Layer 'metal6' is missing the optional 'edge capacitance' attribute. (PSYN-101)
Warning: Layer 'metal7' is missing the optional 'edge capacitance' attribute. (PSYN-101)
Warning: Layer 'metal8' is missing the optional 'edge capacitance' attribute. (PSYN-101)
Warning: Layer 'metal9' is missing the optional 'edge capacitance' attribute. (PSYN-101)
Warning: Layer 'metal10' is missing the optional 'edge capacitance' attribute. (PSYN-101)




Information: The design has 4501 physical cells. (PSYN-105)
Information: Library Manufacturing Grid(GridResolution) : 5
Information: Time Unit from Milkyway design library: 'ns' 
Information: Design Library and main library timing units are matched - 1.000 ns. 
Information: Resistance Unit from Milkyway design library: 'kohm' 
Warning: Mismatch in the main library and the Milkyway library resistance units. In the main library it is 1000.000 kohm and in the Milkyway design library it is 1.000 kohm. Check and correct the resistance units in the .tf and .db files. (PSYN-476)
Information: Capacitance Unit from Milkyway design library: 'pf' 
Warning: Mismatch in the main and the Milkyway library capacitance units. In the main library it is 0.001 pf and in the Milkyway design library it is 1.000 pf. Check and correct the capacitance units in the .tf and .db files. (PSYN-477)
Information: Layer metal9 is ignored for resistance and capacitance computation. (RCEX-019)
Information: Layer metal10 is ignored for resistance and capacitance computation. (RCEX-019)
Error: Initialization of the detail route TLU+ RC model failed. (RCEX-030)
Error: Extraction failed. (RCEX-205)
Information: Updating graph... (UID-83)
Information: Updating design information... (UID-85)
Information: Input delay ('rise') on clock port 'clk' will be added to the clock's propagated skew. (TIM-112)
Information: Input delay ('fall') on clock port 'clk' will be added to the clock's propagated skew. (TIM-112)
 
****************************************
Report : qor
Design : cpu
Version: T-2022.03-SP3
Date   : Mon Jun  5 00:40:27 2023
****************************************


  Timing Path Group 'Inputs'
  -----------------------------------
  Levels of Logic:              62.00
  Critical Path Length:         14.53
  Critical Path Slack:           0.47
  Critical Path Clk Period:     15.00
  Total Negative Slack:          0.00
  No. of Violating Paths:        0.00
  Worst Hold Violation:          0.00
  Total Hold Violation:          0.00
  No. of Hold Violations:        0.00
  -----------------------------------

  Timing Path Group 'Outputs'
  -----------------------------------
  Levels of Logic:               1.00
  Critical Path Length:          1.40
  Critical Path Slack:          13.11
  Critical Path Clk Period:     15.00
  Total Negative Slack:          0.00
  No. of Violating Paths:        0.00
  Worst Hold Violation:          0.00
  Total Hold Violation:          0.00
  No. of Hold Violations:        0.00
  -----------------------------------

  Timing Path Group 'Regs_to_Regs'
  -----------------------------------
  Levels of Logic:             229.00
  Critical Path Length:         23.09
  Critical Path Slack:          -8.29
  Critical Path Clk Period:     15.00
  Total Negative Slack:        -95.75
  No. of Violating Paths:       32.00
  Worst Hold Violation:          0.00
  Total Hold Violation:          0.00
  No. of Hold Violations:        0.00
  -----------------------------------


  Cell Count
  -----------------------------------
  Hierarchical Cell Count:          8
  Hierarchical Port Count:       2509
  Leaf Cell Count:              25752
  Buf/Inv Cell Count:            5938
  Buf Cell Count:                 715
  Inv Cell Count:                5223
  CT Buf/Inv Cell Count:           11
  Combinational Cell Count:     24277
  Sequential Cell Count:         1475
  Macro Count:                      0
  -----------------------------------


  Area
  -----------------------------------
  Combinational Area:    30360.442135
  Noncombinational Area:  6673.673759
  Buf/Inv Area:           5949.355996
  Total Buffer Area:          1219.61
  Total Inverter Area:        4729.75
  Macro/Black Box Area:      0.000000
  Net Area:                  0.000000
  Net XLength        :      389408.00
  Net YLength        :      436847.03
  -----------------------------------
  Cell Area:             37034.115893
  Design Area:           37034.115893
  Net Length        :       826255.00


  Design Rules
  -----------------------------------
  Total Number of Nets:         27334
  Nets With Violations:            91
  Max Trans Violations:             6
  Max Cap Violations:               0
  Max Fanout Violations:           86
  -----------------------------------


  Hostname: linux-lab-045.ece.uw.edu

  Compile CPU Statistics
  -----------------------------------------
  Resource Sharing:                    0.00
  Logic Optimization:                  0.00
  Mapping Optimization:              240.47
  -----------------------------------------
  Overall Compile Time:              240.64
  Overall Compile Wall Clock Time:   247.92

  --------------------------------------------------------------------

  Design  WNS: 8.29  TNS: 95.75  Number of Violating Paths: 32


  Design (Hold)  WNS: 0.00  TNS: 0.00  Number of Violating Paths: 0

  --------------------------------------------------------------------


1
