 
****************************************
Report : saif
        -hierarchy
Design : cpu
Version: T-2022.03-SP3
Date   : Mon Jun  5 00:40:24 2023
****************************************

  

--------------------------------------------------------------------------------
              User              Default           Propagated
Object type   Annotated (%)     Activity (%)      Activity (%)       Total
--------------------------------------------------------------------------------
  
 Nets         0(0.00%)          166(0.61%)        27155(99.39%)      27321
 Ports        0(0.00%)          66(48.18%)        71(51.82%)         137
 Pins         0(0.00%)          2121(2.53%)       81610(97.47%)      83731
--------------------------------------------------------------------------------
1
 
****************************************
Report : saif
        -missing
Design : cpu
Version: T-2022.03-SP3
Date   : Mon Jun  5 00:40:24 2023
****************************************

  

--------------------------------------------------------------------------------
              User              Default           Propagated
Object type   Annotated (%)     Activity (%)      Activity (%)       Total
--------------------------------------------------------------------------------
  
 Nets         0(0.00%)          148(60.66%)       96(39.34%)         244
 Ports        0(0.00%)          66(48.18%)        71(51.82%)         137
 Pins         0(0.00%)          164(82.41%)       35(17.59%)         199
--------------------------------------------------------------------------------

 List of Non-annotated ports :

   pc_if[27] 
   pc_if[28] 
   pc_if[29] 
   pc_if[30] 
   pc_if[31] 
   clk 
   reset 
   dmem_w_en 
   pc_if[19] 
   pc_if[20] 
   pc_if[21] 
   pc_if[22] 
   pc_if[23] 
   pc_if[24] 
   pc_if[25] 
   pc_if[26] 
   pc_if[11] 
   pc_if[12] 
   pc_if[13] 
   pc_if[14] 
   pc_if[15] 
   pc_if[16] 
   pc_if[17] 
   pc_if[18] 
   pc_if[3] 
   pc_if[4] 
   pc_if[5] 
   pc_if[6] 
   pc_if[7] 
   pc_if[8] 
   pc_if[9] 
   pc_if[10] 
   instruction_if[27] 
   instruction_if[28] 
   instruction_if[29] 
   instruction_if[30] 
   instruction_if[31] 
   pc_if[0] 
   pc_if[1] 
   pc_if[2] 
   instruction_if[19] 
   instruction_if[20] 
   instruction_if[21] 
   instruction_if[22] 
   instruction_if[23] 
   instruction_if[24] 
   instruction_if[25] 
   instruction_if[26] 
   instruction_if[11] 
   instruction_if[12] 
   instruction_if[13] 
   instruction_if[14] 
   instruction_if[15] 
   instruction_if[16] 
   instruction_if[17] 
   instruction_if[18] 
   instruction_if[3] 
   instruction_if[4] 
   instruction_if[5] 
   instruction_if[6] 
   instruction_if[7] 
   instruction_if[8] 
   instruction_if[9] 
   instruction_if[10] 
   dmem_addr[1] 
   dmem_addr[2] 
   dmem_addr[3] 
   dmem_addr[4] 
   dmem_addr[5] 
   instruction_if[0] 
   instruction_if[1] 
   instruction_if[2] 
   dmem_wdata[25] 
   dmem_wdata[26] 
   dmem_wdata[27] 
   dmem_wdata[28] 
   dmem_wdata[29] 
   dmem_wdata[30] 
   dmem_wdata[31] 
   dmem_addr[0] 
   dmem_wdata[17] 
   dmem_wdata[18] 
   dmem_wdata[19] 
   dmem_wdata[20] 
   dmem_wdata[21] 
   dmem_wdata[22] 
   dmem_wdata[23] 
   dmem_wdata[24] 
   dmem_wdata[9] 
   dmem_wdata[10] 
   dmem_wdata[11] 
   dmem_wdata[12] 
   dmem_wdata[13] 
   dmem_wdata[14] 
   dmem_wdata[15] 
   dmem_wdata[16] 
   dmem_wdata[1] 
   dmem_wdata[2] 
   dmem_wdata[3] 
   dmem_wdata[4] 
   dmem_wdata[5] 
   dmem_wdata[6] 
   dmem_wdata[7] 
   dmem_wdata[8] 
   dmem_rdata[25] 
   dmem_rdata[26] 
   dmem_rdata[27] 
   dmem_rdata[28] 
   dmem_rdata[29] 
   dmem_rdata[30] 
   dmem_rdata[31] 
   dmem_wdata[0] 
   dmem_rdata[17] 
   dmem_rdata[18] 
   dmem_rdata[19] 
   dmem_rdata[20] 
   dmem_rdata[21] 
   dmem_rdata[22] 
   dmem_rdata[23] 
   dmem_rdata[24] 
   dmem_rdata[9] 
   dmem_rdata[10] 
   dmem_rdata[11] 
   dmem_rdata[12] 
   dmem_rdata[13] 
   dmem_rdata[14] 
   dmem_rdata[15] 
   dmem_rdata[16] 
   dmem_rdata[1] 
   dmem_rdata[2] 
   dmem_rdata[3] 
   dmem_rdata[4] 
   dmem_rdata[5] 
   dmem_rdata[6] 
   dmem_rdata[7] 
   dmem_rdata[8] 
   dmem_rdata[0] 

 List of Non-annotated nets :

   pc_if[27] 
   pc_if[28] 
   pc_if[29] 
   pc_if[30] 
   pc_if[31] 
   clk 
   reset 
   dmem_w_en 
   pc_if[19] 
   pc_if[20] 
   pc_if[21] 
   pc_if[22] 
   pc_if[23] 
   pc_if[24] 
   pc_if[25] 
   pc_if[26] 
   pc_if[11] 
   pc_if[12] 
   pc_if[13] 
   pc_if[14] 
   pc_if[15] 
   pc_if[16] 
   pc_if[17] 
   pc_if[18] 
   pc_if[3] 
   pc_if[4] 
   pc_if[5] 
   pc_if[6] 
   pc_if[7] 
   pc_if[8] 
   pc_if[9] 
   pc_if[10] 
   instruction_if[27] 
   instruction_if[28] 
   instruction_if[29] 
   instruction_if[30] 
   instruction_if[31] 
   pc_if[0] 
   pc_if[1] 
   pc_if[2] 
   instruction_if[19] 
   instruction_if[20] 
   instruction_if[21] 
   instruction_if[22] 
   instruction_if[23] 
   instruction_if[24] 
   instruction_if[25] 
   instruction_if[26] 
   instruction_if[11] 
   instruction_if[12] 
   instruction_if[13] 
   instruction_if[14] 
   instruction_if[15] 
   instruction_if[16] 
   instruction_if[17] 
   instruction_if[18] 
   instruction_if[3] 
   instruction_if[4] 
   instruction_if[5] 
   instruction_if[6] 
   instruction_if[7] 
   instruction_if[8] 
   instruction_if[9] 
   instruction_if[10] 
   dmem_addr[1] 
   dmem_addr[2] 
   dmem_addr[3] 
   dmem_addr[4] 
   dmem_addr[5] 
   instruction_if[0] 
   instruction_if[1] 
   instruction_if[2] 
   dmem_wdata[25] 
   dmem_wdata[26] 
   dmem_wdata[27] 
   dmem_wdata[28] 
   dmem_wdata[29] 
   dmem_wdata[30] 
   dmem_wdata[31] 
   dmem_addr[0] 
   dmem_wdata[17] 
   dmem_wdata[18] 
   dmem_wdata[19] 
   dmem_wdata[20] 
   dmem_wdata[21] 
   dmem_wdata[22] 
   dmem_wdata[23] 
   dmem_wdata[24] 
   dmem_wdata[9] 
   dmem_wdata[10] 
   dmem_wdata[11] 
   dmem_wdata[12] 
   dmem_wdata[13] 
   dmem_wdata[14] 
   dmem_wdata[15] 
   dmem_wdata[16] 
   dmem_wdata[1] 
   dmem_wdata[2] 
   dmem_wdata[3] 
   dmem_wdata[4] 
   dmem_wdata[5] 
   dmem_wdata[6] 
   dmem_wdata[7] 
   dmem_wdata[8] 
   dmem_rdata[25] 
   dmem_rdata[26] 
   dmem_rdata[27] 
   dmem_rdata[28] 
   dmem_rdata[29] 
   dmem_rdata[30] 
   dmem_rdata[31] 
   dmem_wdata[0] 
   dmem_rdata[17] 
   dmem_rdata[18] 
   dmem_rdata[19] 
   dmem_rdata[20] 
   dmem_rdata[21] 
   dmem_rdata[22] 
   dmem_rdata[23] 
   dmem_rdata[24] 
   dmem_rdata[9] 
   dmem_rdata[10] 
   dmem_rdata[11] 
   dmem_rdata[12] 
   dmem_rdata[13] 
   dmem_rdata[14] 
   dmem_rdata[15] 
   dmem_rdata[16] 
   dmem_rdata[1] 
   dmem_rdata[2] 
   dmem_rdata[3] 
   dmem_rdata[4] 
   dmem_rdata[5] 
   dmem_rdata[6] 
   dmem_rdata[7] 
   dmem_rdata[8] 
   dmem_rdata[0] 
   n54 
   n55 
   n56 
   n57 
   n58 
   n59 
   n60 
   n61 
   n62 
   load_flag_ex 
   rf_w_en_wb 
   n_0_net_ 
   n17 
   n18 
   n19 
   n16 
   n20 
   n21 
   n22 
   n23 
   n24 
   instruction_id[14] 
   n10 
   rs1_addr[4] 
   n11 
   rs2_addr[4] 
   n12 
   rs1_addr[3] 
   n13 
   rs2_addr[2] 
   n14 
   rs1_addr[2] 
   n15 
   n37 
   n63 
   n64 
   n65 
   n66 
   n67 
   n68 
   n69 
   n70 
   n71 
   n72 
   n73 
   n74 
   n75 
   n76 
   n77 
   n78 
   n79 
   n81 
   n80 
   n82 
   n84 
   n83 
   n85 
   n87 
   n86 
   n88 
   n90 
   n89 
   n91 
   n93 
   n92 
   n94 
   n96 
   n95 
   n97 
   n99 
   n98 
   n100 
   n101 
   n102 
   n103 
   n104 
   n105 
   n106 
   n107 
   n108 
   n109 
   n110 
   n111 
   n112 
   n113 
   n114 
   n115 
   n116 
   n117 
   n118 
   n119 
   n120 
   n121 
   n122 
   n123 
   n124 
   clk_G1B3I2 
   clk_G1B4I5 
   clk_G1B4I6 
   clk_G1B1I1 
   clk_G1B2I1 
   clk_G1B3I1 
   clk_G1B4I3 
   clk_G1B4I4 
   clk_G1B4I2 
   CTS_clk_CTO_delay41 
   clk_G1B4I1 

 List of Non-annotated pins :

   U18/A 
   U18/ZN 
   U19/A 
   U19/ZN 
   U20/A 
   U20/ZN 
   U21/A 
   U21/ZN 
   U22/A 
   U22/ZN 
   U23/A 
   U23/ZN 
   U24/A 
   U24/ZN 
   U25/A 
   U25/ZN 
   U26/A 
   U26/ZN 
   U5/A1 
   U5/A2 
   U5/ZN 
   U1/A 
   U1/Z 
   U2/A 
   U2/Z 
   U3/A 
   U3/Z 
   U4/A 
   U4/Z 
   U6/A 
   U6/Z 
   U7/A 
   U7/Z 
   U8/A 
   U8/Z 
   U9/A 
   U9/Z 
   U10/A 
   U10/Z 
   U11/A 
   U11/Z 
   U12/A 
   U12/ZN 
   U13/A 
   U13/ZN 
   U14/A 
   U14/ZN 
   U15/A 
   U15/ZN 
   U16/A 
   U16/ZN 
   U17/A 
   U17/Z 
   U27/A 
   U27/ZN 
   U28/A 
   U28/ZN 
   U29/A 
   U29/ZN 
   U30/A 
   U30/ZN 
   U31/A 
   U31/ZN 
   U32/A 
   U32/ZN 
   U33/A 
   U33/ZN 
   U34/A 
   U34/ZN 
   U35/A 
   U35/ZN 
   U36/A 
   U36/ZN 
   U37/A 
   U37/ZN 
   U38/A 
   U38/ZN 
   U39/A 
   U39/ZN 
   U40/A 
   U40/ZN 
   U41/A 
   U41/ZN 
   U42/A 
   U42/ZN 
   U43/A 
   U43/ZN 
   U44/A 
   U44/Z 
   U45/A 
   U45/ZN 
   U46/A 
   U46/ZN 
   U47/A 
   U47/Z 
   U48/A 
   U48/ZN 
   U49/A 
   U49/ZN 
   U50/A 
   U50/Z 
   U51/A 
   U51/ZN 
   U52/A 
   U52/ZN 
   U53/A 
   U53/Z 
   U54/A 
   U54/ZN 
   U55/A 
   U55/ZN 
   U56/A 
   U56/Z 
   U57/A 
   U57/ZN 
   U58/A 
   U58/ZN 
   U59/A 
   U59/Z 
   U60/A 
   U60/ZN 
   U61/A 
   U61/ZN 
   U62/A 
   U62/Z 
   U63/A 
   U63/ZN 
   U64/A 
   U64/ZN 
   U65/A 
   U65/ZN 
   U66/A 
   U66/ZN 
   U67/A 
   U67/ZN 
   U68/A 
   U68/ZN 
   U69/A 
   U69/ZN 
   U70/A 
   U70/ZN 
   U71/A 
   U71/ZN 
   U72/A 
   U72/ZN 
   U73/A 
   U73/ZN 
   U74/A 
   U74/ZN 
   U75/A 
   U75/ZN 
   U76/A 
   U76/ZN 
   U77/A 
   U77/ZN 
   U78/A 
   U78/ZN 
   U79/A 
   U79/ZN 
   U80/A 
   U80/ZN 
   U81/A 
   U81/ZN 
   U82/A 
   U82/ZN 
   U83/A 
   U83/ZN 
   U84/A 
   U84/ZN 
   U85/A 
   U85/ZN 
   U86/A 
   U86/ZN 
   U87/A 
   U87/ZN 
   U88/A 
   U88/ZN 
   INV_X32_G1B1I5/A 
   INV_X32_G1B1I5/ZN 
   INV_X32_G1B1I6/A 
   INV_X32_G1B1I6/ZN 
   INV_X8_G1B4I1/A 
   INV_X8_G1B4I1/ZN 
   INV_X32_G1B2I1/A 
   INV_X32_G1B2I1/ZN 
   INV_X32_G1B1I3/A 
   INV_X32_G1B1I3/ZN 
   INV_X32_G1B2I2/A 
   INV_X32_G1B2I2/ZN 
   INV_X32_G1B1I4/A 
   INV_X32_G1B1I4/ZN 
   CTS_clk_CTO_delay4/A 
   CTS_clk_CTO_delay4/Z 
   INV_X32_G1B1I2/A 
   INV_X32_G1B1I2/ZN 
   INV_X32_G1B1I1/A 
   INV_X32_G1B1I1/ZN 
   INV_X32_G1B3I1/A 
   INV_X32_G1B3I1/ZN 

--------------------------------------------------------------------------------
1
