
                             Library Compiler (TM)
                                 DesignWare (R)

             Version T-2022.03-SP3 for linux64 - Jul 13, 2022 -SLE

                    Copyright (c) 1988 - 2022 Synopsys, Inc.
   This software and the associated documentation are proprietary to Synopsys,
 Inc. This software may only be used in accordance with the terms and conditions
 of a written license agreement with Synopsys, Inc. All other use, reproduction,
   or distribution of this software is strictly prohibited.  Licensed Products
     communicate with Synopsys servers for the purpose of providing software
    updates, detecting software piracy and verifying that customers are using
    Licensed Products in conformity with the applicable License Key for such
  Licensed Products. Synopsys will use information gathered in connection with
    this process to deliver software updates and pursue software pirates and
                                   infringers.

 Inclusivity & Diversity - Visit SolvNetPlus to read the "Synopsys Statement on
            Inclusivity and Diversity" (Refer to article 000036315 at
                        https://solvnetplus.synopsys.com)
 
Initializing...
set macros [list \
    dmem_TT_1p0V_25C
		#imem_TT_1p0V_25C
]
dmem_TT_1p0V_25C
foreach macro $macros {
    read_lib ${macro}.lib
    write_lib -format db "[get_object_name [get_libs]]" -output ${macro}.db
    remove_lib "[get_object_name [get_libs]]"
}
Reading '/home/projects/ee478.2023spr/gbeatty3/OoO_Processor/SRAM/dmem/dmem_TT_1p0V_25C.lib' ...
Warning: Line 1, The 'internal_power_calculation' attribute in char_config group is required for NLPM library. 
	No default can be applied to this attribute. (LBDB-366)
Information: Line 82, Cell 'dmem', The cell 'dmem' contiains memory/memory_read/memory_write groups which are deprecated, use the is_memory_cell attribute instead. (LIBG-280)
Technology library 'dmem_TT_1p0V_25C_lib' read successfully
Wrote the 'dmem_TT_1p0V_25C_lib' library to '/home/projects/ee478.2023spr/gbeatty3/OoO_Processor/SRAM/dmem/dmem_TT_1p0V_25C.db' successfully
Removing library 'dmem_TT_1p0V_25C_lib'
# Finish
exit
Maximum memory usage for this session: 105.67 MB
CPU usage for this session:      5 seconds (  0.00 hours)
Elapsed time for this session:     12 seconds (  0.00 hours)
Thank you for using Library Compiler.

Thank you...
