
                             Library Compiler (TM)
                                 DesignWare (R)

             Version T-2022.03-SP3 for linux64 - Jul 13, 2022 -SLE

                    Copyright (c) 1988 - 2022 Synopsys, Inc.
   This software and the associated documentation are proprietary to Synopsys,
 Inc. This software may only be used in accordance with the terms and conditions
 of a written license agreement with Synopsys, Inc. All other use, reproduction,
   or distribution of this software is strictly prohibited.  Licensed Products
     communicate with Synopsys servers for the purpose of providing software
    updates, detecting software piracy and verifying that customers are using
    Licensed Products in conformity with the applicable License Key for such
  Licensed Products. Synopsys will use information gathered in connection with
    this process to deliver software updates and pursue software pirates and
                                   infringers.

 Inclusivity & Diversity - Visit SolvNetPlus to read the "Synopsys Statement on
            Inclusivity and Diversity" (Refer to article 000036315 at
                        https://solvnetplus.synopsys.com)
 
Initializing...
set macros [list \
    imem
]
imem
foreach macro $macros {
    read_lib ${macro}.lib
    write_lib -format db "[get_object_name [get_libs]]" -output ${macro}.db
    remove_lib "[get_object_name [get_libs]]"
}
Error: The 'imem.lib' library source file is not found. (UIL-4)
Error: Can't find library '*'. (UIL-103)
Warning: The '' library has not been read in yet. (UIL-3)
Error: Can't find library '*'. (UIL-103)
# Finish
exit
Maximum memory usage for this session: 102.63 MB
CPU usage for this session:      1 seconds (  0.00 hours)
Elapsed time for this session:      5 seconds (  0.00 hours)
Thank you for using Library Compiler.

Thank you...
