 
****************************************
Report : net fanout
        -threshold 32
Design : cpu
Version: T-2022.03-SP3
Date   : Thu Jun  8 22:30:48 2023
****************************************


Operating Conditions: slow   Library: NangateOpenCellLibrary
Wire Load Model Mode: top

Design        Wire Load Model            Library
------------------------------------------------
cpu                    5K_hvratio_1_1    NangateOpenCellLibrary


Attributes:
   dr - drc disabled
    c - annotated capacitance
    d - dont_touch
    i - ideal_net
    I - ideal_network
    p - includes pin load
    r - annotated resistance
    h - high fanout

Net                 Fanout   Attributes   Capacitance   Driver
--------------------------------------------------------------------------------
clk                   1475   dr, h        1001882.06    clk
reset                  108   d, I             0.00      reset
1
