Information: Propagating switching activity (low effort zero delay simulation). (PWR-6)
Warning: Design has unannotated primary inputs. (PWR-414)
Warning: Design has unannotated sequential cell outputs. (PWR-415)
 
****************************************
Report : power
        -hier
        -analysis_effort low
        -verbose
Design : fsm
Version: T-2022.03-SP3
Date   : Tue May 16 23:07:53 2023
****************************************


Library(s) Used:

    NangateOpenCellLibrary (File: /homes/gbeatty3/ee478/gbeatty3/ece477_fsm_freepdk45_sapr_flow/freepdk-45nm/stdcells-wc.db)


Operating Conditions: slow   Library: NangateOpenCellLibrary
Wire Load Model Mode: top

Design        Wire Load Model            Library
------------------------------------------------
fsm                    5K_hvratio_1_1    NangateOpenCellLibrary


Global Operating Voltage = 0.95 
Power-specific unit information :
    Voltage Units = 1V
    Capacitance Units = 1.000000ff
    Time Units = 1ns
    Dynamic Power Units = 1uW    (derived from V,C,T units)
    Leakage Power Units = 1nW


--------------------------------------------------------------------------------
                                       Switch   Int      Leak     Total
Hierarchy                              Power    Power    Power    Power    %
--------------------------------------------------------------------------------
fsm                                       1.372    5.905  725.704    8.003 100.0
1
