 
****************************************
check_design summary:
Version:     T-2022.03-SP3
Date:        Thu Jun  8 16:26:17 2023
****************************************

                   Name                                            Total
--------------------------------------------------------------------------------
Inputs/Outputs                                                     77
    Unconnected ports (LINT-28)                                    77

Cells                                                              10
    Cells do not drive (LINT-1)                                     8
    Connected to power or ground (LINT-32)                          2

Nets                                                               33
    Unloaded nets (LINT-2)                                         33
--------------------------------------------------------------------------------

Warning: In design 'fifo_WIDTH12_DEPTH4_ADDR_LEN2', cell 'U17' does not drive any nets. (LINT-1)
Warning: In design 'fifo_WIDTH12_DEPTH4_ADDR_LEN2', cell 'U20' does not drive any nets. (LINT-1)
Warning: In design 'fifo_WIDTH12_DEPTH4_ADDR_LEN2', cell 'U23' does not drive any nets. (LINT-1)
Warning: In design 'fifo_WIDTH12_DEPTH4_ADDR_LEN2', cell 'U26' does not drive any nets. (LINT-1)
Warning: In design 'fifo_WIDTH12_DEPTH4_ADDR_LEN2', cell 'U29' does not drive any nets. (LINT-1)
Warning: In design 'fifo_WIDTH12_DEPTH4_ADDR_LEN2', cell 'U32' does not drive any nets. (LINT-1)
Warning: In design 'fifo_WIDTH12_DEPTH4_ADDR_LEN2', cell 'U38' does not drive any nets. (LINT-1)
Warning: In design 'fifo_WIDTH12_DEPTH4_ADDR_LEN2', cell 'U50' does not drive any nets. (LINT-1)
Warning: In design 'lsu', net 'lsu_fifo/mem[3][1]' driven by pin 'lsu_fifo/mem_reg[3][1]/Q' has no loads. (LINT-2)
Warning: In design 'lsu', net 'lsu_fifo/mem[3][2]' driven by pin 'lsu_fifo/mem_reg[3][2]/Q' has no loads. (LINT-2)
Warning: In design 'lsu', net 'lsu_fifo/mem[3][3]' driven by pin 'lsu_fifo/mem_reg[3][3]/Q' has no loads. (LINT-2)
Warning: In design 'lsu', net 'lsu_fifo/mem[3][4]' driven by pin 'lsu_fifo/mem_reg[3][4]/Q' has no loads. (LINT-2)
Warning: In design 'lsu', net 'lsu_fifo/mem[3][5]' driven by pin 'lsu_fifo/mem_reg[3][5]/Q' has no loads. (LINT-2)
Warning: In design 'lsu', net 'lsu_fifo/mem[3][6]' driven by pin 'lsu_fifo/mem_reg[3][6]/Q' has no loads. (LINT-2)
Warning: In design 'lsu', net 'lsu_fifo/mem[3][7]' driven by pin 'lsu_fifo/mem_reg[3][7]/Q' has no loads. (LINT-2)
Warning: In design 'lsu', net 'lsu_fifo/mem[3][8]' driven by pin 'lsu_fifo/mem_reg[3][8]/Q' has no loads. (LINT-2)
Warning: In design 'lsu', net 'lsu_fifo/mem[3][9]' driven by pin 'lsu_fifo/mem_reg[3][9]/Q' has no loads. (LINT-2)
Warning: In design 'lsu', net 'lsu_fifo/mem[3][10]' driven by pin 'lsu_fifo/mem_reg[3][10]/Q' has no loads. (LINT-2)
Warning: In design 'lsu', net 'lsu_fifo/mem[3][11]' driven by pin 'lsu_fifo/mem_reg[3][11]/Q' has no loads. (LINT-2)
Warning: In design 'lsu', net 'lsu_fifo/mem[2][1]' driven by pin 'lsu_fifo/mem_reg[2][1]/Q' has no loads. (LINT-2)
Warning: In design 'lsu', net 'lsu_fifo/mem[2][2]' driven by pin 'lsu_fifo/mem_reg[2][2]/Q' has no loads. (LINT-2)
Warning: In design 'lsu', net 'lsu_fifo/mem[2][3]' driven by pin 'lsu_fifo/mem_reg[2][3]/Q' has no loads. (LINT-2)
Warning: In design 'lsu', net 'lsu_fifo/mem[2][4]' driven by pin 'lsu_fifo/mem_reg[2][4]/Q' has no loads. (LINT-2)
Warning: In design 'lsu', net 'lsu_fifo/mem[2][5]' driven by pin 'lsu_fifo/mem_reg[2][5]/Q' has no loads. (LINT-2)
Warning: In design 'lsu', net 'lsu_fifo/mem[2][6]' driven by pin 'lsu_fifo/mem_reg[2][6]/Q' has no loads. (LINT-2)
Warning: In design 'lsu', net 'lsu_fifo/mem[2][7]' driven by pin 'lsu_fifo/mem_reg[2][7]/Q' has no loads. (LINT-2)
Warning: In design 'lsu', net 'lsu_fifo/mem[2][8]' driven by pin 'lsu_fifo/mem_reg[2][8]/Q' has no loads. (LINT-2)
Warning: In design 'lsu', net 'lsu_fifo/mem[2][9]' driven by pin 'lsu_fifo/mem_reg[2][9]/Q' has no loads. (LINT-2)
Warning: In design 'lsu', net 'lsu_fifo/mem[2][10]' driven by pin 'lsu_fifo/mem_reg[2][10]/Q' has no loads. (LINT-2)
Warning: In design 'lsu', net 'lsu_fifo/mem[2][11]' driven by pin 'lsu_fifo/mem_reg[2][11]/Q' has no loads. (LINT-2)
Warning: In design 'lsu', net 'lsu_fifo/mem[1][1]' driven by pin 'lsu_fifo/mem_reg[1][1]/Q' has no loads. (LINT-2)
Warning: In design 'lsu', net 'lsu_fifo/mem[1][2]' driven by pin 'lsu_fifo/mem_reg[1][2]/Q' has no loads. (LINT-2)
Warning: In design 'lsu', net 'lsu_fifo/mem[1][3]' driven by pin 'lsu_fifo/mem_reg[1][3]/Q' has no loads. (LINT-2)
Warning: In design 'lsu', net 'lsu_fifo/mem[1][4]' driven by pin 'lsu_fifo/mem_reg[1][4]/Q' has no loads. (LINT-2)
Warning: In design 'lsu', net 'lsu_fifo/mem[1][5]' driven by pin 'lsu_fifo/mem_reg[1][5]/Q' has no loads. (LINT-2)
Warning: In design 'lsu', net 'lsu_fifo/mem[1][6]' driven by pin 'lsu_fifo/mem_reg[1][6]/Q' has no loads. (LINT-2)
Warning: In design 'lsu', net 'lsu_fifo/mem[1][7]' driven by pin 'lsu_fifo/mem_reg[1][7]/Q' has no loads. (LINT-2)
Warning: In design 'lsu', net 'lsu_fifo/mem[1][8]' driven by pin 'lsu_fifo/mem_reg[1][8]/Q' has no loads. (LINT-2)
Warning: In design 'lsu', net 'lsu_fifo/mem[1][9]' driven by pin 'lsu_fifo/mem_reg[1][9]/Q' has no loads. (LINT-2)
Warning: In design 'lsu', net 'lsu_fifo/mem[1][10]' driven by pin 'lsu_fifo/mem_reg[1][10]/Q' has no loads. (LINT-2)
Warning: In design 'lsu', net 'lsu_fifo/mem[1][11]' driven by pin 'lsu_fifo/mem_reg[1][11]/Q' has no loads. (LINT-2)
Warning: In design 'lsu', port 'pc_i[31]' is not connected to any nets. (LINT-28)
Warning: In design 'lsu', port 'pc_i[30]' is not connected to any nets. (LINT-28)
Warning: In design 'lsu', port 'pc_i[29]' is not connected to any nets. (LINT-28)
Warning: In design 'lsu', port 'pc_i[28]' is not connected to any nets. (LINT-28)
Warning: In design 'lsu', port 'pc_i[27]' is not connected to any nets. (LINT-28)
Warning: In design 'lsu', port 'pc_i[26]' is not connected to any nets. (LINT-28)
Warning: In design 'lsu', port 'pc_i[25]' is not connected to any nets. (LINT-28)
Warning: In design 'lsu', port 'pc_i[24]' is not connected to any nets. (LINT-28)
Warning: In design 'lsu', port 'pc_i[23]' is not connected to any nets. (LINT-28)
Warning: In design 'lsu', port 'pc_i[22]' is not connected to any nets. (LINT-28)
Warning: In design 'lsu', port 'pc_i[21]' is not connected to any nets. (LINT-28)
Warning: In design 'lsu', port 'pc_i[20]' is not connected to any nets. (LINT-28)
Warning: In design 'lsu', port 'pc_i[19]' is not connected to any nets. (LINT-28)
Warning: In design 'lsu', port 'pc_i[18]' is not connected to any nets. (LINT-28)
Warning: In design 'lsu', port 'pc_i[17]' is not connected to any nets. (LINT-28)
Warning: In design 'lsu', port 'pc_i[16]' is not connected to any nets. (LINT-28)
Warning: In design 'lsu', port 'pc_i[15]' is not connected to any nets. (LINT-28)
Warning: In design 'lsu', port 'pc_i[14]' is not connected to any nets. (LINT-28)
Warning: In design 'lsu', port 'pc_i[13]' is not connected to any nets. (LINT-28)
Warning: In design 'lsu', port 'pc_i[12]' is not connected to any nets. (LINT-28)
Warning: In design 'lsu', port 'pc_i[11]' is not connected to any nets. (LINT-28)
Warning: In design 'lsu', port 'pc_i[10]' is not connected to any nets. (LINT-28)
Warning: In design 'lsu', port 'pc_i[9]' is not connected to any nets. (LINT-28)
Warning: In design 'lsu', port 'pc_i[8]' is not connected to any nets. (LINT-28)
Warning: In design 'lsu', port 'pc_i[7]' is not connected to any nets. (LINT-28)
Warning: In design 'lsu', port 'pc_i[6]' is not connected to any nets. (LINT-28)
Warning: In design 'lsu', port 'pc_i[5]' is not connected to any nets. (LINT-28)
Warning: In design 'lsu', port 'pc_i[4]' is not connected to any nets. (LINT-28)
Warning: In design 'lsu', port 'pc_i[3]' is not connected to any nets. (LINT-28)
Warning: In design 'lsu', port 'pc_i[2]' is not connected to any nets. (LINT-28)
Warning: In design 'lsu', port 'pc_i[1]' is not connected to any nets. (LINT-28)
Warning: In design 'lsu', port 'pc_i[0]' is not connected to any nets. (LINT-28)
Warning: In design 'lsu', port 'inst_i[31]' is not connected to any nets. (LINT-28)
Warning: In design 'lsu', port 'inst_i[30]' is not connected to any nets. (LINT-28)
Warning: In design 'lsu', port 'inst_i[29]' is not connected to any nets. (LINT-28)
Warning: In design 'lsu', port 'inst_i[28]' is not connected to any nets. (LINT-28)
Warning: In design 'lsu', port 'inst_i[19]' is not connected to any nets. (LINT-28)
Warning: In design 'lsu', port 'inst_i[18]' is not connected to any nets. (LINT-28)
Warning: In design 'lsu', port 'inst_i[17]' is not connected to any nets. (LINT-28)
Warning: In design 'lsu', port 'inst_i[16]' is not connected to any nets. (LINT-28)
Warning: In design 'lsu', port 'inst_i[15]' is not connected to any nets. (LINT-28)
Warning: In design 'lsu', port 'rs1_value_i[31]' is not connected to any nets. (LINT-28)
Warning: In design 'lsu', port 'rs1_value_i[30]' is not connected to any nets. (LINT-28)
Warning: In design 'lsu', port 'rs1_value_i[29]' is not connected to any nets. (LINT-28)
Warning: In design 'lsu', port 'rs1_value_i[28]' is not connected to any nets. (LINT-28)
Warning: In design 'lsu', port 'rs1_value_i[27]' is not connected to any nets. (LINT-28)
Warning: In design 'lsu', port 'rs1_value_i[26]' is not connected to any nets. (LINT-28)
Warning: In design 'lsu', port 'rs1_value_i[25]' is not connected to any nets. (LINT-28)
Warning: In design 'lsu', port 'rs1_value_i[24]' is not connected to any nets. (LINT-28)
Warning: In design 'lsu', port 'rs1_value_i[23]' is not connected to any nets. (LINT-28)
Warning: In design 'lsu', port 'rs1_value_i[22]' is not connected to any nets. (LINT-28)
Warning: In design 'lsu', port 'rs1_value_i[21]' is not connected to any nets. (LINT-28)
Warning: In design 'lsu', port 'rs1_value_i[20]' is not connected to any nets. (LINT-28)
Warning: In design 'lsu', port 'rs1_value_i[19]' is not connected to any nets. (LINT-28)
Warning: In design 'lsu', port 'rs1_value_i[18]' is not connected to any nets. (LINT-28)
Warning: In design 'lsu', port 'rs1_value_i[17]' is not connected to any nets. (LINT-28)
Warning: In design 'lsu', port 'rs1_value_i[16]' is not connected to any nets. (LINT-28)
Warning: In design 'lsu', port 'rs1_value_i[15]' is not connected to any nets. (LINT-28)
Warning: In design 'lsu', port 'rs1_value_i[14]' is not connected to any nets. (LINT-28)
Warning: In design 'lsu', port 'rs1_value_i[13]' is not connected to any nets. (LINT-28)
Warning: In design 'lsu', port 'rs1_value_i[12]' is not connected to any nets. (LINT-28)
Warning: In design 'lsu', port 'rs1_value_i[11]' is not connected to any nets. (LINT-28)
Warning: In design 'lsu', port 'rs1_value_i[10]' is not connected to any nets. (LINT-28)
Warning: In design 'lsu', port 'rs1_value_i[9]' is not connected to any nets. (LINT-28)
Warning: In design 'lsu', port 'rs1_value_i[8]' is not connected to any nets. (LINT-28)
Warning: In design 'fifo_WIDTH12_DEPTH4_ADDR_LEN2', port 'data_in_i[2]' is not connected to any nets. (LINT-28)
Warning: In design 'fifo_WIDTH12_DEPTH4_ADDR_LEN2', port 'data_in_i[0]' is not connected to any nets. (LINT-28)
Warning: In design 'fifo_WIDTH12_DEPTH4_ADDR_LEN2', port 'data_out_o[11]' is not connected to any nets. (LINT-28)
Warning: In design 'fifo_WIDTH12_DEPTH4_ADDR_LEN2', port 'data_out_o[10]' is not connected to any nets. (LINT-28)
Warning: In design 'fifo_WIDTH12_DEPTH4_ADDR_LEN2', port 'data_out_o[9]' is not connected to any nets. (LINT-28)
Warning: In design 'fifo_WIDTH12_DEPTH4_ADDR_LEN2', port 'data_out_o[8]' is not connected to any nets. (LINT-28)
Warning: In design 'fifo_WIDTH12_DEPTH4_ADDR_LEN2', port 'data_out_o[7]' is not connected to any nets. (LINT-28)
Warning: In design 'fifo_WIDTH12_DEPTH4_ADDR_LEN2', port 'data_out_o[6]' is not connected to any nets. (LINT-28)
Warning: In design 'fifo_WIDTH12_DEPTH4_ADDR_LEN2', port 'data_out_o[4]' is not connected to any nets. (LINT-28)
Warning: In design 'fifo_WIDTH12_DEPTH4_ADDR_LEN2', port 'data_out_o[0]' is not connected to any nets. (LINT-28)
Warning: In design 'fifo_WIDTH12_DEPTH4_ADDR_LEN2', port 'empty_o' is not connected to any nets. (LINT-28)
Warning: In design 'fifo_WIDTH12_DEPTH4_ADDR_LEN2', port 'full_o' is not connected to any nets. (LINT-28)
Warning: In design 'lsu', a pin on submodule 'lsu_fifo' is connected to logic 1 or logic 0. (LINT-32)
   Pin 'data_in_i[2]' is connected to logic 0. 
Warning: In design 'lsu', a pin on submodule 'lsu_fifo' is connected to logic 1 or logic 0. (LINT-32)
   Pin 'data_in_i[0]' is connected to logic 0. 
1
