 
****************************************
Report : timing
        -path end
        -delay min
        -nets
        -max_paths 200
        -capacitance
Design : rob
Version: T-2022.03-SP3
Date   : Thu Jun  8 15:06:30 2023
****************************************

 # A fanout number of 1000 was used for high fanout net computations.

Operating Conditions: fast   Library: NangateOpenCellLibrary
Wire Load Model Mode: top

Endpoint                         Path Delay     Path Required     Slack
------------------------------------------------------------------------
commitment_valid_o_reg/D (DFF_X1)     0.11 f          0.03         0.09
tail_reg[2]/D (DFF_X1)              0.11 f            0.03         0.09
tail_reg[3]/D (DFF_X1)              0.12 f            0.03         0.09
tail_reg[1]/D (DFF_X1)              0.12 f            0.03         0.09
head_reg[3]/D (DFF_X1)              0.12 f            0.03         0.09
cbuf_pc/rd_ptr_reg[3]/D (DFF_X1)     0.12 f           0.03         0.09
cbuf_pc/rd_ptr_reg[2]/D (DFF_X1)     0.12 f           0.03         0.09
cbuf_pc/wr_ptr_reg[3]/D (DFF_X1)     0.12 f           0.03         0.09
cbuf_inst/rd_ptr_reg[3]/D (DFF_X1)     0.12 f         0.03         0.09
cbuf_inst/rd_ptr_reg[2]/D (DFF_X1)     0.12 f         0.03         0.09
cbuf_inst/wr_ptr_reg[3]/D (DFF_X1)     0.12 f         0.03         0.09
cbuf_pc/rd_ptr_reg[0]/D (DFF_X1)     0.12 f           0.03         0.09
cbuf_inst/rd_ptr_reg[0]/D (DFF_X1)     0.12 f         0.03         0.09
tail_reg[0]/D (DFF_X1)              0.12 f            0.03         0.09
cbuf_prd/rd_ptr_reg[1]/D (DFF_X1)     0.12 f          0.03         0.09
cbuf_prd/rd_ptr_reg[0]/D (DFF_X1)     0.12 f          0.03         0.09
cbuf_prd/rd_ptr_reg[4]/D (DFF_X1)     0.14 f          0.03         0.11
cbuf_prd/mem_reg[0][4]/D (DFF_X1)     0.21 r          0.07         0.14
cbuf_prd/mem_reg[0][3]/D (DFF_X1)     0.21 r          0.07         0.14
cbuf_prd/mem_reg[0][2]/D (DFF_X1)     0.21 r          0.07         0.14
cbuf_prd/mem_reg[0][1]/D (DFF_X1)     0.21 r          0.07         0.14
cbuf_prd/mem_reg[0][0]/D (DFF_X1)     0.21 r          0.07         0.14
cbuf_prd/mem_reg[1][4]/D (DFF_X1)     0.21 r          0.07         0.14
cbuf_prd/mem_reg[1][3]/D (DFF_X1)     0.21 r          0.07         0.14
cbuf_prd/mem_reg[1][2]/D (DFF_X1)     0.21 r          0.07         0.14
cbuf_prd/mem_reg[1][1]/D (DFF_X1)     0.21 r          0.07         0.14
cbuf_prd/mem_reg[1][0]/D (DFF_X1)     0.21 r          0.07         0.14
cbuf_prd/mem_reg[2][4]/D (DFF_X1)     0.21 r          0.07         0.14
cbuf_prd/mem_reg[2][3]/D (DFF_X1)     0.21 r          0.07         0.14
cbuf_prd/mem_reg[2][2]/D (DFF_X1)     0.21 r          0.07         0.14
cbuf_prd/mem_reg[2][1]/D (DFF_X1)     0.21 r          0.07         0.14
cbuf_prd/mem_reg[2][0]/D (DFF_X1)     0.21 r          0.07         0.14
cbuf_prd/mem_reg[3][4]/D (DFF_X1)     0.21 r          0.07         0.14
cbuf_prd/mem_reg[3][3]/D (DFF_X1)     0.21 r          0.07         0.14
cbuf_prd/mem_reg[3][2]/D (DFF_X1)     0.21 r          0.07         0.14
cbuf_prd/mem_reg[3][1]/D (DFF_X1)     0.21 r          0.07         0.14
cbuf_prd/mem_reg[3][0]/D (DFF_X1)     0.21 r          0.07         0.14
cbuf_prd/mem_reg[4][4]/D (DFF_X1)     0.21 r          0.07         0.14
cbuf_prd/mem_reg[4][3]/D (DFF_X1)     0.21 r          0.07         0.14
cbuf_prd/mem_reg[4][2]/D (DFF_X1)     0.21 r          0.07         0.14
cbuf_prd/mem_reg[4][1]/D (DFF_X1)     0.21 r          0.07         0.14
cbuf_prd/mem_reg[4][0]/D (DFF_X1)     0.21 r          0.07         0.14
cbuf_prd/mem_reg[5][4]/D (DFF_X1)     0.21 r          0.07         0.14
cbuf_prd/mem_reg[5][3]/D (DFF_X1)     0.21 r          0.07         0.14
cbuf_prd/mem_reg[5][2]/D (DFF_X1)     0.21 r          0.07         0.14
cbuf_prd/mem_reg[5][1]/D (DFF_X1)     0.21 r          0.07         0.14
cbuf_prd/mem_reg[5][0]/D (DFF_X1)     0.21 r          0.07         0.14
cbuf_prd/mem_reg[6][4]/D (DFF_X1)     0.21 r          0.07         0.14
cbuf_prd/mem_reg[6][3]/D (DFF_X1)     0.21 r          0.07         0.14
cbuf_prd/mem_reg[6][2]/D (DFF_X1)     0.21 r          0.07         0.14
cbuf_prd/mem_reg[6][1]/D (DFF_X1)     0.21 r          0.07         0.14
cbuf_prd/mem_reg[6][0]/D (DFF_X1)     0.21 r          0.07         0.14
cbuf_prd/mem_reg[7][4]/D (DFF_X1)     0.21 r          0.07         0.14
cbuf_prd/mem_reg[7][3]/D (DFF_X1)     0.21 r          0.07         0.14
cbuf_prd/mem_reg[7][2]/D (DFF_X1)     0.21 r          0.07         0.14
cbuf_prd/mem_reg[7][1]/D (DFF_X1)     0.21 r          0.07         0.14
cbuf_prd/mem_reg[7][0]/D (DFF_X1)     0.21 r          0.07         0.14
cbuf_prd/mem_reg[8][4]/D (DFF_X1)     0.21 r          0.07         0.14
cbuf_prd/mem_reg[8][3]/D (DFF_X1)     0.21 r          0.07         0.14
cbuf_prd/mem_reg[8][2]/D (DFF_X1)     0.21 r          0.07         0.14
cbuf_prd/mem_reg[8][1]/D (DFF_X1)     0.21 r          0.07         0.14
cbuf_prd/mem_reg[8][0]/D (DFF_X1)     0.21 r          0.07         0.14
cbuf_prd/mem_reg[9][4]/D (DFF_X1)     0.21 r          0.07         0.14
cbuf_prd/mem_reg[9][3]/D (DFF_X1)     0.21 r          0.07         0.14
cbuf_prd/mem_reg[9][2]/D (DFF_X1)     0.21 r          0.07         0.14
cbuf_prd/mem_reg[9][1]/D (DFF_X1)     0.21 r          0.07         0.14
cbuf_prd/mem_reg[9][0]/D (DFF_X1)     0.21 r          0.07         0.14
cbuf_prd/mem_reg[10][4]/D (DFF_X1)     0.21 r         0.07         0.14
cbuf_prd/mem_reg[10][3]/D (DFF_X1)     0.21 r         0.07         0.14
cbuf_prd/mem_reg[10][2]/D (DFF_X1)     0.21 r         0.07         0.14
cbuf_prd/mem_reg[10][1]/D (DFF_X1)     0.21 r         0.07         0.14
cbuf_prd/mem_reg[10][0]/D (DFF_X1)     0.21 r         0.07         0.14
cbuf_prd/mem_reg[11][4]/D (DFF_X1)     0.21 r         0.07         0.14
cbuf_prd/mem_reg[11][3]/D (DFF_X1)     0.21 r         0.07         0.14
cbuf_prd/mem_reg[11][2]/D (DFF_X1)     0.21 r         0.07         0.14
cbuf_prd/mem_reg[11][1]/D (DFF_X1)     0.21 r         0.07         0.14
cbuf_prd/mem_reg[11][0]/D (DFF_X1)     0.21 r         0.07         0.14
cbuf_prd/mem_reg[12][4]/D (DFF_X1)     0.21 r         0.07         0.14
cbuf_prd/mem_reg[12][3]/D (DFF_X1)     0.21 r         0.07         0.14
cbuf_prd/mem_reg[12][2]/D (DFF_X1)     0.21 r         0.07         0.14
cbuf_prd/mem_reg[12][1]/D (DFF_X1)     0.21 r         0.07         0.14
cbuf_prd/mem_reg[12][0]/D (DFF_X1)     0.21 r         0.07         0.14
cbuf_prd/mem_reg[13][4]/D (DFF_X1)     0.21 r         0.07         0.14
cbuf_prd/mem_reg[13][3]/D (DFF_X1)     0.21 r         0.07         0.14
cbuf_prd/mem_reg[13][2]/D (DFF_X1)     0.21 r         0.07         0.14
cbuf_prd/mem_reg[13][1]/D (DFF_X1)     0.21 r         0.07         0.14
cbuf_prd/mem_reg[13][0]/D (DFF_X1)     0.21 r         0.07         0.14
cbuf_prd/mem_reg[14][4]/D (DFF_X1)     0.21 r         0.07         0.14
cbuf_prd/mem_reg[14][3]/D (DFF_X1)     0.21 r         0.07         0.14
cbuf_prd/mem_reg[14][2]/D (DFF_X1)     0.21 r         0.07         0.14
cbuf_prd/mem_reg[14][1]/D (DFF_X1)     0.21 r         0.07         0.14
cbuf_prd/mem_reg[14][0]/D (DFF_X1)     0.21 r         0.07         0.14
cbuf_prd/mem_reg[15][4]/D (DFF_X1)     0.21 r         0.07         0.14
cbuf_prd/mem_reg[15][3]/D (DFF_X1)     0.21 r         0.07         0.14
cbuf_prd/mem_reg[15][2]/D (DFF_X1)     0.21 r         0.07         0.14
cbuf_prd/mem_reg[15][1]/D (DFF_X1)     0.21 r         0.07         0.14
cbuf_prd/mem_reg[15][0]/D (DFF_X1)     0.21 r         0.07         0.14
cbuf_prd/mem_reg[16][4]/D (DFF_X1)     0.21 r         0.07         0.14
cbuf_prd/mem_reg[16][3]/D (DFF_X1)     0.21 r         0.07         0.14
cbuf_prd/mem_reg[16][2]/D (DFF_X1)     0.21 r         0.07         0.14
cbuf_prd/mem_reg[16][1]/D (DFF_X1)     0.21 r         0.07         0.14
cbuf_prd/mem_reg[16][0]/D (DFF_X1)     0.21 r         0.07         0.14
cbuf_prd/mem_reg[17][4]/D (DFF_X1)     0.21 r         0.07         0.14
cbuf_prd/mem_reg[17][3]/D (DFF_X1)     0.21 r         0.07         0.14
cbuf_prd/mem_reg[17][2]/D (DFF_X1)     0.21 r         0.07         0.14
cbuf_prd/mem_reg[17][1]/D (DFF_X1)     0.21 r         0.07         0.14
cbuf_prd/mem_reg[17][0]/D (DFF_X1)     0.21 r         0.07         0.14
cbuf_prd/mem_reg[18][4]/D (DFF_X1)     0.21 r         0.07         0.14
cbuf_prd/mem_reg[18][3]/D (DFF_X1)     0.21 r         0.07         0.14
cbuf_prd/mem_reg[18][2]/D (DFF_X1)     0.21 r         0.07         0.14
cbuf_prd/mem_reg[18][1]/D (DFF_X1)     0.21 r         0.07         0.14
cbuf_prd/mem_reg[18][0]/D (DFF_X1)     0.21 r         0.07         0.14
cbuf_prd/mem_reg[19][4]/D (DFF_X1)     0.21 r         0.07         0.14
cbuf_prd/mem_reg[19][3]/D (DFF_X1)     0.21 r         0.07         0.14
cbuf_prd/mem_reg[19][2]/D (DFF_X1)     0.21 r         0.07         0.14
cbuf_prd/mem_reg[19][1]/D (DFF_X1)     0.21 r         0.07         0.14
cbuf_prd/mem_reg[19][0]/D (DFF_X1)     0.21 r         0.07         0.14
cbuf_prd/mem_reg[20][4]/D (DFF_X1)     0.21 r         0.07         0.14
cbuf_prd/mem_reg[20][3]/D (DFF_X1)     0.21 r         0.07         0.14
cbuf_prd/mem_reg[20][2]/D (DFF_X1)     0.21 r         0.07         0.14
cbuf_prd/mem_reg[20][1]/D (DFF_X1)     0.21 r         0.07         0.14
cbuf_prd/mem_reg[20][0]/D (DFF_X1)     0.21 r         0.07         0.14
cbuf_prd/mem_reg[21][4]/D (DFF_X1)     0.21 r         0.07         0.14
cbuf_prd/mem_reg[21][3]/D (DFF_X1)     0.21 r         0.07         0.14
cbuf_prd/mem_reg[21][2]/D (DFF_X1)     0.21 r         0.07         0.14
cbuf_prd/mem_reg[21][1]/D (DFF_X1)     0.21 r         0.07         0.14
cbuf_prd/mem_reg[21][0]/D (DFF_X1)     0.21 r         0.07         0.14
cbuf_prd/mem_reg[22][4]/D (DFF_X1)     0.21 r         0.07         0.14
cbuf_prd/mem_reg[22][3]/D (DFF_X1)     0.21 r         0.07         0.14
cbuf_prd/mem_reg[22][2]/D (DFF_X1)     0.21 r         0.07         0.14
cbuf_prd/mem_reg[22][1]/D (DFF_X1)     0.21 r         0.07         0.14
cbuf_prd/mem_reg[22][0]/D (DFF_X1)     0.21 r         0.07         0.14
cbuf_prd/mem_reg[23][4]/D (DFF_X1)     0.21 r         0.07         0.14
cbuf_prd/mem_reg[23][3]/D (DFF_X1)     0.21 r         0.07         0.14
cbuf_prd/mem_reg[23][2]/D (DFF_X1)     0.21 r         0.07         0.14
cbuf_prd/mem_reg[23][1]/D (DFF_X1)     0.21 r         0.07         0.14
cbuf_prd/mem_reg[23][0]/D (DFF_X1)     0.21 r         0.07         0.14
cbuf_prd/mem_reg[24][4]/D (DFF_X1)     0.21 r         0.07         0.14
cbuf_prd/mem_reg[24][3]/D (DFF_X1)     0.21 r         0.07         0.14
cbuf_prd/mem_reg[24][2]/D (DFF_X1)     0.21 r         0.07         0.14
cbuf_prd/mem_reg[24][1]/D (DFF_X1)     0.21 r         0.07         0.14
cbuf_prd/mem_reg[24][0]/D (DFF_X1)     0.21 r         0.07         0.14
cbuf_prd/mem_reg[25][4]/D (DFF_X1)     0.21 r         0.07         0.14
cbuf_prd/mem_reg[25][3]/D (DFF_X1)     0.21 r         0.07         0.14
cbuf_prd/mem_reg[25][2]/D (DFF_X1)     0.21 r         0.07         0.14
cbuf_prd/mem_reg[25][1]/D (DFF_X1)     0.21 r         0.07         0.14
cbuf_prd/mem_reg[25][0]/D (DFF_X1)     0.21 r         0.07         0.14
cbuf_prd/mem_reg[26][4]/D (DFF_X1)     0.21 r         0.07         0.14
cbuf_prd/mem_reg[26][3]/D (DFF_X1)     0.21 r         0.07         0.14
cbuf_prd/mem_reg[26][2]/D (DFF_X1)     0.21 r         0.07         0.14
cbuf_prd/mem_reg[26][1]/D (DFF_X1)     0.21 r         0.07         0.14
cbuf_prd/mem_reg[26][0]/D (DFF_X1)     0.21 r         0.07         0.14
cbuf_prd/mem_reg[27][4]/D (DFF_X1)     0.21 r         0.07         0.14
cbuf_prd/mem_reg[27][3]/D (DFF_X1)     0.21 r         0.07         0.14
cbuf_prd/mem_reg[27][2]/D (DFF_X1)     0.21 r         0.07         0.14
cbuf_prd/mem_reg[27][1]/D (DFF_X1)     0.21 r         0.07         0.14
cbuf_prd/mem_reg[27][0]/D (DFF_X1)     0.21 r         0.07         0.14
cbuf_prd/mem_reg[28][4]/D (DFF_X1)     0.21 r         0.07         0.14
cbuf_prd/mem_reg[28][3]/D (DFF_X1)     0.21 r         0.07         0.14
cbuf_prd/mem_reg[28][2]/D (DFF_X1)     0.21 r         0.07         0.14
cbuf_prd/mem_reg[28][1]/D (DFF_X1)     0.21 r         0.07         0.14
cbuf_prd/mem_reg[28][0]/D (DFF_X1)     0.21 r         0.07         0.14
cbuf_prd/mem_reg[29][4]/D (DFF_X1)     0.21 r         0.07         0.14
cbuf_prd/mem_reg[29][3]/D (DFF_X1)     0.21 r         0.07         0.14
cbuf_prd/mem_reg[29][2]/D (DFF_X1)     0.21 r         0.07         0.14
cbuf_prd/mem_reg[29][1]/D (DFF_X1)     0.21 r         0.07         0.14
cbuf_prd/mem_reg[29][0]/D (DFF_X1)     0.21 r         0.07         0.14
cbuf_prd/mem_reg[30][4]/D (DFF_X1)     0.21 r         0.07         0.14
cbuf_prd/mem_reg[30][3]/D (DFF_X1)     0.21 r         0.07         0.14
cbuf_prd/mem_reg[30][2]/D (DFF_X1)     0.21 r         0.07         0.14
cbuf_prd/mem_reg[30][1]/D (DFF_X1)     0.21 r         0.07         0.14
cbuf_prd/mem_reg[30][0]/D (DFF_X1)     0.21 r         0.07         0.14
cbuf_prd/mem_reg[31][4]/D (DFF_X1)     0.21 r         0.07         0.14
cbuf_prd/mem_reg[31][3]/D (DFF_X1)     0.21 r         0.07         0.14
cbuf_prd/mem_reg[31][2]/D (DFF_X1)     0.21 r         0.07         0.14
cbuf_prd/mem_reg[31][1]/D (DFF_X1)     0.21 r         0.07         0.14
cbuf_prd/mem_reg[31][0]/D (DFF_X1)     0.21 r         0.07         0.14
cbuf_prd/wr_ptr_reg[3]/D (DFF_X1)     0.20 f          0.03         0.17
cbuf_inst/mem_reg[0][31]/D (DFF_X1)     0.21 f        0.03         0.18
cbuf_inst/mem_reg[0][30]/D (DFF_X1)     0.21 f        0.03         0.18
cbuf_inst/mem_reg[0][29]/D (DFF_X1)     0.21 f        0.03         0.18
cbuf_inst/mem_reg[0][28]/D (DFF_X1)     0.21 f        0.03         0.18
cbuf_inst/mem_reg[0][27]/D (DFF_X1)     0.21 f        0.03         0.18
cbuf_inst/mem_reg[0][26]/D (DFF_X1)     0.21 f        0.03         0.18
cbuf_inst/mem_reg[0][25]/D (DFF_X1)     0.21 f        0.03         0.18
cbuf_inst/mem_reg[0][24]/D (DFF_X1)     0.21 f        0.03         0.18
cbuf_inst/mem_reg[0][23]/D (DFF_X1)     0.21 f        0.03         0.18
cbuf_inst/mem_reg[0][22]/D (DFF_X1)     0.21 f        0.03         0.18
cbuf_inst/mem_reg[0][21]/D (DFF_X1)     0.21 f        0.03         0.18
cbuf_inst/mem_reg[0][20]/D (DFF_X1)     0.21 f        0.03         0.18
cbuf_inst/mem_reg[0][19]/D (DFF_X1)     0.21 f        0.03         0.18
cbuf_inst/mem_reg[0][18]/D (DFF_X1)     0.21 f        0.03         0.18
cbuf_inst/mem_reg[0][17]/D (DFF_X1)     0.21 f        0.03         0.18
cbuf_inst/mem_reg[0][16]/D (DFF_X1)     0.21 f        0.03         0.18
cbuf_inst/mem_reg[0][15]/D (DFF_X1)     0.21 f        0.03         0.18
cbuf_inst/mem_reg[0][14]/D (DFF_X1)     0.21 f        0.03         0.18
cbuf_inst/mem_reg[0][13]/D (DFF_X1)     0.21 f        0.03         0.18
cbuf_inst/mem_reg[0][12]/D (DFF_X1)     0.21 f        0.03         0.18
cbuf_inst/mem_reg[0][11]/D (DFF_X1)     0.21 f        0.03         0.18
cbuf_inst/mem_reg[0][10]/D (DFF_X1)     0.21 f        0.03         0.18

1
