Information: Updating design information... (UID-85)
Warning: Design 'rob' contains 1 high-fanout nets. A fanout number of 1000 will be used for delay calculations involving these nets. (TIM-134)
 
****************************************
Report : timing
        -path end
        -delay max
        -nets
        -max_paths 200
        -capacitance
Design : rob
Version: T-2022.03-SP3
Date   : Thu Jun  8 22:40:32 2023
****************************************

 # A fanout number of 1000 was used for high fanout net computations.

Operating Conditions: slow   Library: NangateOpenCellLibrary
Wire Load Model Mode: top

Endpoint                         Path Delay     Path Required     Slack
------------------------------------------------------------------------
reg_value_reg[11][18]/D (DFF_X1)     3.92 r           9.86         5.93
reg_value_reg[11][20]/D (DFF_X1)     3.92 r           9.86         5.93
reg_value_reg[23][20]/D (DFF_X1)     3.91 r           9.86         5.95
reg_value_reg[23][19]/D (DFF_X1)     3.91 r           9.86         5.95
reg_value_reg[7][18]/D (DFF_X1)     3.91 r            9.86         5.95
reg_value_reg[27][30]/D (DFF_X1)     3.91 r           9.86         5.95
reg_value_reg[27][20]/D (DFF_X1)     3.91 r           9.86         5.95
reg_value_reg[7][19]/D (DFF_X1)     3.91 r            9.86         5.95
reg_value_reg[11][26]/D (DFF_X1)     3.88 r           9.86         5.98
reg_value_reg[11][27]/D (DFF_X1)     3.88 r           9.86         5.98
reg_value_reg[11][17]/D (DFF_X1)     3.88 r           9.86         5.98
reg_value_reg[11][29]/D (DFF_X1)     3.88 r           9.86         5.98
reg_value_reg[11][31]/D (DFF_X1)     3.88 r           9.86         5.98
reg_value_reg[11][13]/D (DFF_X1)     3.88 r           9.86         5.98
reg_value_reg[11][28]/D (DFF_X1)     3.88 r           9.86         5.98
reg_value_reg[11][5]/D (DFF_X1)     3.88 r            9.86         5.98
reg_value_reg[11][9]/D (DFF_X1)     3.88 r            9.86         5.98
reg_value_reg[11][1]/D (DFF_X1)     3.88 r            9.86         5.98
reg_value_reg[10][21]/D (DFF_X1)     3.87 r           9.86         5.99
reg_value_reg[10][15]/D (DFF_X1)     3.87 r           9.86         5.99
reg_value_reg[10][24]/D (DFF_X1)     3.87 r           9.86         5.99
reg_value_reg[10][18]/D (DFF_X1)     3.87 r           9.86         5.99
reg_value_reg[6][21]/D (DFF_X1)     3.87 r            9.86         5.99
reg_value_reg[5][21]/D (DFF_X1)     3.87 r            9.86         5.99
reg_value_reg[6][23]/D (DFF_X1)     3.87 r            9.86         5.99
reg_value_reg[5][15]/D (DFF_X1)     3.87 r            9.86         5.99
reg_value_reg[6][24]/D (DFF_X1)     3.87 r            9.86         5.99
reg_value_reg[6][18]/D (DFF_X1)     3.87 r            9.86         5.99
reg_value_reg[6][20]/D (DFF_X1)     3.87 r            9.86         5.99
reg_value_reg[5][20]/D (DFF_X1)     3.87 r            9.86         5.99
reg_value_reg[21][15]/D (DFF_X1)     3.87 r           9.86         5.99
reg_value_reg[21][23]/D (DFF_X1)     3.87 r           9.86         5.99
reg_value_reg[21][30]/D (DFF_X1)     3.87 r           9.86         5.99
reg_value_reg[21][19]/D (DFF_X1)     3.87 r           9.86         5.99
reg_value_reg[23][26]/D (DFF_X1)     3.87 r           9.86         5.99
reg_value_reg[23][14]/D (DFF_X1)     3.87 r           9.86         5.99
reg_value_reg[23][27]/D (DFF_X1)     3.87 r           9.86         5.99
reg_value_reg[23][17]/D (DFF_X1)     3.87 r           9.86         5.99
reg_value_reg[23][29]/D (DFF_X1)     3.87 r           9.86         5.99
reg_value_reg[23][25]/D (DFF_X1)     3.87 r           9.86         5.99
reg_value_reg[23][13]/D (DFF_X1)     3.87 r           9.86         5.99
reg_value_reg[2][18]/D (DFF_X1)     3.87 r            9.86         5.99
reg_value_reg[11][14]/D (DFF_X1)     3.87 r           9.86         5.99
reg_value_reg[11][16]/D (DFF_X1)     3.87 r           9.86         5.99
reg_value_reg[11][11]/D (DFF_X1)     3.87 r           9.86         5.99
reg_value_reg[11][25]/D (DFF_X1)     3.87 r           9.86         5.99
reg_value_reg[13][23]/D (DFF_X1)     3.87 r           9.86         5.99
reg_value_reg[11][12]/D (DFF_X1)     3.87 r           9.86         5.99
reg_value_reg[7][14]/D (DFF_X1)     3.87 r            9.86         5.99
reg_value_reg[13][24]/D (DFF_X1)     3.87 r           9.86         5.99
reg_value_reg[27][26]/D (DFF_X1)     3.87 r           9.86         5.99
reg_value_reg[13][30]/D (DFF_X1)     3.87 r           9.86         5.99
reg_value_reg[13][18]/D (DFF_X1)     3.87 r           9.86         5.99
reg_value_reg[7][16]/D (DFF_X1)     3.87 r            9.86         5.99
reg_value_reg[7][27]/D (DFF_X1)     3.87 r            9.86         5.99
reg_value_reg[27][14]/D (DFF_X1)     3.87 r           9.86         5.99
reg_value_reg[13][20]/D (DFF_X1)     3.87 r           9.86         5.99
reg_value_reg[7][17]/D (DFF_X1)     3.87 r            9.86         5.99
reg_value_reg[7][12]/D (DFF_X1)     3.87 r            9.86         5.99
reg_value_reg[10][0]/D (DFF_X1)     3.87 r            9.86         5.99
reg_value_reg[27][16]/D (DFF_X1)     3.87 r           9.86         5.99
reg_value_reg[27][11]/D (DFF_X1)     3.87 r           9.86         5.99
reg_value_reg[27][27]/D (DFF_X1)     3.87 r           9.86         5.99
reg_value_reg[27][17]/D (DFF_X1)     3.87 r           9.86         5.99
reg_value_reg[27][29]/D (DFF_X1)     3.87 r           9.86         5.99
reg_value_reg[27][25]/D (DFF_X1)     3.87 r           9.86         5.99
reg_value_reg[27][12]/D (DFF_X1)     3.87 r           9.86         5.99
reg_value_reg[27][13]/D (DFF_X1)     3.87 r           9.86         5.99
reg_value_reg[11][19]/D (DFF_X1)     3.87 r           9.86         5.99
reg_value_reg[11][24]/D (DFF_X1)     3.87 r           9.86         5.99
reg_value_reg[11][15]/D (DFF_X1)     3.87 r           9.86         5.99
reg_value_reg[2][0]/D (DFF_X1)      3.87 r            9.86         5.99
reg_value_reg[2][7]/D (DFF_X1)      3.87 r            9.86         5.99
reg_value_reg[0][23]/D (DFF_X1)     3.87 r            9.86         5.99
reg_value_reg[0][24]/D (DFF_X1)     3.87 r            9.86         5.99
reg_value_reg[6][0]/D (DFF_X1)      3.87 r            9.86         5.99
reg_value_reg[2][23]/D (DFF_X1)     3.87 r            9.86         5.99
reg_value_reg[2][24]/D (DFF_X1)     3.87 r            9.86         5.99
reg_value_reg[2][30]/D (DFF_X1)     3.87 r            9.86         5.99
reg_value_reg[11][10]/D (DFF_X1)     3.87 r           9.86         6.00
reg_value_reg[11][4]/D (DFF_X1)     3.87 r            9.86         6.00
reg_value_reg[7][5]/D (DFF_X1)      3.87 r            9.86         6.00
reg_value_reg[11][6]/D (DFF_X1)     3.87 r            9.86         6.00
reg_value_reg[11][2]/D (DFF_X1)     3.87 r            9.86         6.00
reg_value_reg[7][1]/D (DFF_X1)      3.86 r            9.86         6.00
reg_value_reg[0][7]/D (DFF_X1)      3.87 r            9.87         6.00
reg_value_reg[7][3]/D (DFF_X1)      3.87 r            9.86         6.00
reg_value_reg[7][4]/D (DFF_X1)      3.87 r            9.86         6.00
reg_value_reg[0][15]/D (DFF_X1)     3.87 r            9.87         6.00
reg_value_reg[11][8]/D (DFF_X1)     3.87 r            9.86         6.00
reg_value_reg[7][2]/D (DFF_X1)      3.86 r            9.86         6.00
reg_value_reg[0][18]/D (DFF_X1)     3.87 r            9.87         6.00
reg_value_reg[21][0]/D (DFF_X1)     3.87 r            9.87         6.00
reg_value_reg[7][8]/D (DFF_X1)      3.87 r            9.86         6.00
reg_value_reg[23][10]/D (DFF_X1)     3.87 r           9.86         6.00
reg_value_reg[27][3]/D (DFF_X1)     3.87 r            9.86         6.00
reg_value_reg[23][8]/D (DFF_X1)     3.87 r            9.87         6.00
reg_value_reg[27][4]/D (DFF_X1)     3.87 r            9.86         6.00
reg_value_reg[27][8]/D (DFF_X1)     3.87 r            9.87         6.00
reg_value_reg[27][9]/D (DFF_X1)     3.87 r            9.87         6.00
reg_value_reg[23][16]/D (DFF_X1)     3.85 r           9.86         6.01
reg_value_reg[23][11]/D (DFF_X1)     3.85 r           9.86         6.01
reg_value_reg[23][31]/D (DFF_X1)     3.85 r           9.86         6.01
reg_value_reg[23][12]/D (DFF_X1)     3.85 r           9.86         6.01
reg_value_reg[23][28]/D (DFF_X1)     3.85 r           9.86         6.01
reg_value_reg[23][24]/D (DFF_X1)     3.85 r           9.86         6.01
reg_value_reg[23][23]/D (DFF_X1)     3.85 r           9.86         6.01
reg_value_reg[23][18]/D (DFF_X1)     3.85 r           9.86         6.01
reg_value_reg[23][15]/D (DFF_X1)     3.85 r           9.86         6.01
reg_value_reg[23][21]/D (DFF_X1)     3.85 r           9.86         6.01
reg_value_reg[7][26]/D (DFF_X1)     3.85 r            9.86         6.01
reg_value_reg[7][11]/D (DFF_X1)     3.85 r            9.86         6.01
reg_value_reg[7][29]/D (DFF_X1)     3.85 r            9.86         6.01
reg_value_reg[7][22]/D (DFF_X1)     3.85 r            9.86         6.01
reg_value_reg[7][31]/D (DFF_X1)     3.85 r            9.86         6.01
reg_value_reg[7][13]/D (DFF_X1)     3.85 r            9.86         6.01
reg_value_reg[27][31]/D (DFF_X1)     3.85 r           9.86         6.01
reg_value_reg[27][28]/D (DFF_X1)     3.85 r           9.86         6.01
reg_value_reg[7][20]/D (DFF_X1)     3.85 r            9.86         6.01
reg_value_reg[7][24]/D (DFF_X1)     3.85 r            9.86         6.01
reg_value_reg[7][23]/D (DFF_X1)     3.85 r            9.86         6.01
reg_value_reg[15][15]/D (DFF_X1)     3.85 r           9.86         6.01
reg_value_reg[27][19]/D (DFF_X1)     3.85 r           9.86         6.01
reg_value_reg[15][24]/D (DFF_X1)     3.85 r           9.86         6.01
reg_value_reg[27][23]/D (DFF_X1)     3.85 r           9.86         6.01
reg_value_reg[7][10]/D (DFF_X1)     3.85 r            9.86         6.01
reg_value_reg[7][0]/D (DFF_X1)      3.85 r            9.86         6.01
reg_value_reg[7][6]/D (DFF_X1)      3.85 r            9.86         6.01
reg_value_reg[23][3]/D (DFF_X1)     3.85 r            9.86         6.01
reg_value_reg[23][2]/D (DFF_X1)     3.85 r            9.86         6.01
reg_value_reg[27][10]/D (DFF_X1)     3.85 r           9.86         6.01
reg_value_reg[27][6]/D (DFF_X1)     3.85 r            9.86         6.01
reg_value_reg[27][2]/D (DFF_X1)     3.85 r            9.86         6.01
reg_value_reg[23][5]/D (DFF_X1)     3.85 r            9.87         6.01
reg_value_reg[23][9]/D (DFF_X1)     3.85 r            9.87         6.01
reg_value_reg[27][5]/D (DFF_X1)     3.85 r            9.87         6.02
reg_value_reg[27][7]/D (DFF_X1)     3.85 r            9.87         6.02
reg_value_reg[10][17]/D (DFF_X1)     3.82 r           9.86         6.03
reg_value_reg[10][22]/D (DFF_X1)     3.82 r           9.86         6.03
reg_value_reg[10][12]/D (DFF_X1)     3.82 r           9.86         6.03
reg_value_reg[10][13]/D (DFF_X1)     3.82 r           9.86         6.03
reg_value_reg[6][14]/D (DFF_X1)     3.82 r            9.86         6.03
reg_value_reg[6][16]/D (DFF_X1)     3.82 r            9.86         6.03
reg_value_reg[5][14]/D (DFF_X1)     3.82 r            9.86         6.03
reg_value_reg[6][22]/D (DFF_X1)     3.82 r            9.86         6.03
reg_value_reg[6][12]/D (DFF_X1)     3.82 r            9.86         6.03
reg_value_reg[5][11]/D (DFF_X1)     3.82 r            9.86         6.03
reg_value_reg[5][29]/D (DFF_X1)     3.82 r            9.86         6.03
reg_value_reg[5][13]/D (DFF_X1)     3.82 r            9.86         6.03
reg_value_reg[21][14]/D (DFF_X1)     3.82 r           9.86         6.03
reg_value_reg[21][11]/D (DFF_X1)     3.82 r           9.86         6.03
reg_value_reg[21][17]/D (DFF_X1)     3.82 r           9.86         6.03
reg_value_reg[21][22]/D (DFF_X1)     3.82 r           9.86         6.03
reg_value_reg[2][12]/D (DFF_X1)     3.82 r            9.86         6.03
reg_value_reg[2][14]/D (DFF_X1)     3.82 r            9.86         6.04
reg_value_reg[2][22]/D (DFF_X1)     3.82 r            9.86         6.04
reg_value_reg[13][14]/D (DFF_X1)     3.82 r           9.86         6.04
reg_value_reg[13][16]/D (DFF_X1)     3.82 r           9.86         6.04
reg_value_reg[13][11]/D (DFF_X1)     3.82 r           9.86         6.04
reg_value_reg[13][27]/D (DFF_X1)     3.82 r           9.86         6.04
reg_value_reg[13][22]/D (DFF_X1)     3.82 r           9.86         6.04
reg_value_reg[13][31]/D (DFF_X1)     3.82 r           9.86         6.04
reg_value_reg[10][5]/D (DFF_X1)     3.82 r            9.86         6.04
reg_value_reg[2][27]/D (DFF_X1)     3.82 r            9.86         6.04
reg_value_reg[10][10]/D (DFF_X1)     3.82 r           9.86         6.04
reg_value_reg[10][4]/D (DFF_X1)     3.82 r            9.86         6.04
reg_value_reg[10][2]/D (DFF_X1)     3.82 r            9.86         6.04
reg_value_reg[0][26]/D (DFF_X1)     3.82 r            9.86         6.04
reg_value_reg[13][5]/D (DFF_X1)     3.82 r            9.86         6.04
reg_value_reg[13][9]/D (DFF_X1)     3.82 r            9.86         6.04
reg_value_reg[13][10]/D (DFF_X1)     3.82 r           9.86         6.04
reg_value_reg[13][3]/D (DFF_X1)     3.82 r            9.86         6.04
reg_value_reg[13][4]/D (DFF_X1)     3.82 r            9.86         6.04
reg_value_reg[0][9]/D (DFF_X1)      3.82 r            9.87         6.04
reg_value_reg[0][12]/D (DFF_X1)     3.82 r            9.87         6.04
reg_value_reg[10][26]/D (DFF_X1)     3.81 r           9.86         6.05
reg_value_reg[10][14]/D (DFF_X1)     3.81 r           9.86         6.05
reg_value_reg[10][25]/D (DFF_X1)     3.81 r           9.86         6.05
reg_value_reg[10][28]/D (DFF_X1)     3.81 r           9.86         6.05
reg_value_reg[10][19]/D (DFF_X1)     3.81 r           9.86         6.05
reg_value_reg[10][30]/D (DFF_X1)     3.81 r           9.86         6.05
reg_value_reg[10][20]/D (DFF_X1)     3.81 r           9.86         6.05
reg_value_reg[10][23]/D (DFF_X1)     3.81 r           9.86         6.05
reg_value_reg[6][26]/D (DFF_X1)     3.81 r            9.86         6.05
reg_value_reg[6][11]/D (DFF_X1)     3.81 r            9.86         6.05
reg_value_reg[6][27]/D (DFF_X1)     3.81 r            9.86         6.05
reg_value_reg[6][17]/D (DFF_X1)     3.81 r            9.86         6.05
reg_value_reg[6][25]/D (DFF_X1)     3.81 r            9.86         6.05
reg_value_reg[6][31]/D (DFF_X1)     3.81 r            9.86         6.05
reg_value_reg[6][13]/D (DFF_X1)     3.81 r            9.86         6.05
reg_value_reg[5][16]/D (DFF_X1)     3.81 r            9.86         6.05
reg_value_reg[5][27]/D (DFF_X1)     3.81 r            9.86         6.05
reg_value_reg[5][17]/D (DFF_X1)     3.81 r            9.86         6.05
reg_value_reg[6][28]/D (DFF_X1)     3.81 r            9.86         6.05
reg_value_reg[5][22]/D (DFF_X1)     3.81 r            9.86         6.05
reg_value_reg[5][25]/D (DFF_X1)     3.81 r            9.86         6.05
reg_value_reg[5][31]/D (DFF_X1)     3.81 r            9.86         6.05
reg_value_reg[5][12]/D (DFF_X1)     3.81 r            9.86         6.05
reg_value_reg[21][26]/D (DFF_X1)     3.81 r           9.86         6.05
reg_value_reg[5][28]/D (DFF_X1)     3.81 r            9.86         6.05

1
