Warning: Design 'core' has '2' unresolved references. For more detailed information, use the "link" command. (UID-341)
 
****************************************
Report : net fanout
        -threshold 32
Design : core
Version: T-2022.03-SP3
Date   : Mon Jun  5 18:07:18 2023
****************************************


Operating Conditions: slow   Library: NangateOpenCellLibrary
Wire Load Model Mode: top

Design        Wire Load Model            Library
------------------------------------------------
core                   5K_hvratio_1_1    NangateOpenCellLibrary


Attributes:
   dr - drc disabled
    c - annotated capacitance
    d - dont_touch
    i - ideal_net
    I - ideal_network
    p - includes pin load
    r - annotated resistance
    h - high fanout

Net                 Fanout   Attributes   Capacitance   Driver
--------------------------------------------------------------------------------
1
