Information: Building the design 'priority_issue'. (HDL-193)
Warning: Cannot find the design 'priority_issue' in the library 'WORK'. (LBR-1)
Information: Building the design 'fifo' instantiated from design 'lsu' with
	the parameters "WIDTH=12,DEPTH=4,ADDR_LEN=2". (HDL-193)
Warning:  ../../src/verilog/lsu.v:352: Net mem[0][11] or a directly connected net may be driven by more than one process or block. (ELAB-405)
Warning:  ../../src/verilog/lsu.v:352: Net mem[0][10] or a directly connected net may be driven by more than one process or block. (ELAB-405)
Warning:  ../../src/verilog/lsu.v:352: Net mem[0][9] or a directly connected net may be driven by more than one process or block. (ELAB-405)
Warning:  ../../src/verilog/lsu.v:352: Net mem[0][8] or a directly connected net may be driven by more than one process or block. (ELAB-405)
Warning:  ../../src/verilog/lsu.v:352: Net mem[0][7] or a directly connected net may be driven by more than one process or block. (ELAB-405)
Warning:  ../../src/verilog/lsu.v:352: Net mem[0][6] or a directly connected net may be driven by more than one process or block. (ELAB-405)
Warning:  ../../src/verilog/lsu.v:352: Net mem[0][5] or a directly connected net may be driven by more than one process or block. (ELAB-405)
Warning:  ../../src/verilog/lsu.v:352: Net mem[0][4] or a directly connected net may be driven by more than one process or block. (ELAB-405)
Warning:  ../../src/verilog/lsu.v:352: Net mem[0][3] or a directly connected net may be driven by more than one process or block. (ELAB-405)
Warning:  ../../src/verilog/lsu.v:352: Net mem[0][2] or a directly connected net may be driven by more than one process or block. (ELAB-405)
Warning:  ../../src/verilog/lsu.v:352: Net mem[0][1] or a directly connected net may be driven by more than one process or block. (ELAB-405)
Warning:  ../../src/verilog/lsu.v:352: Net mem[0][0] or a directly connected net may be driven by more than one process or block. (ELAB-405)
Warning:  ../../src/verilog/lsu.v:352: Net mem[1][11] or a directly connected net may be driven by more than one process or block. (ELAB-405)
Warning:  ../../src/verilog/lsu.v:352: Net mem[1][10] or a directly connected net may be driven by more than one process or block. (ELAB-405)
Warning:  ../../src/verilog/lsu.v:352: Net mem[1][9] or a directly connected net may be driven by more than one process or block. (ELAB-405)
Warning:  ../../src/verilog/lsu.v:352: Net mem[1][8] or a directly connected net may be driven by more than one process or block. (ELAB-405)
Warning:  ../../src/verilog/lsu.v:352: Net mem[1][7] or a directly connected net may be driven by more than one process or block. (ELAB-405)
Warning:  ../../src/verilog/lsu.v:352: Net mem[1][6] or a directly connected net may be driven by more than one process or block. (ELAB-405)
Warning:  ../../src/verilog/lsu.v:352: Net mem[1][5] or a directly connected net may be driven by more than one process or block. (ELAB-405)
Warning:  ../../src/verilog/lsu.v:352: Net mem[1][4] or a directly connected net may be driven by more than one process or block. (ELAB-405)
Warning:  ../../src/verilog/lsu.v:352: Net mem[1][3] or a directly connected net may be driven by more than one process or block. (ELAB-405)
Warning:  ../../src/verilog/lsu.v:352: Net mem[1][2] or a directly connected net may be driven by more than one process or block. (ELAB-405)
Warning:  ../../src/verilog/lsu.v:352: Net mem[1][1] or a directly connected net may be driven by more than one process or block. (ELAB-405)
Warning:  ../../src/verilog/lsu.v:352: Net mem[1][0] or a directly connected net may be driven by more than one process or block. (ELAB-405)
Warning:  ../../src/verilog/lsu.v:352: Net mem[2][11] or a directly connected net may be driven by more than one process or block. (ELAB-405)
Warning:  ../../src/verilog/lsu.v:352: Net mem[2][10] or a directly connected net may be driven by more than one process or block. (ELAB-405)
Warning:  ../../src/verilog/lsu.v:352: Net mem[2][9] or a directly connected net may be driven by more than one process or block. (ELAB-405)
Warning:  ../../src/verilog/lsu.v:352: Net mem[2][8] or a directly connected net may be driven by more than one process or block. (ELAB-405)
Warning:  ../../src/verilog/lsu.v:352: Net mem[2][7] or a directly connected net may be driven by more than one process or block. (ELAB-405)
Warning:  ../../src/verilog/lsu.v:352: Net mem[2][6] or a directly connected net may be driven by more than one process or block. (ELAB-405)
Warning:  ../../src/verilog/lsu.v:352: Net mem[2][5] or a directly connected net may be driven by more than one process or block. (ELAB-405)
Warning:  ../../src/verilog/lsu.v:352: Net mem[2][4] or a directly connected net may be driven by more than one process or block. (ELAB-405)
Warning:  ../../src/verilog/lsu.v:352: Net mem[2][3] or a directly connected net may be driven by more than one process or block. (ELAB-405)
Warning:  ../../src/verilog/lsu.v:352: Net mem[2][2] or a directly connected net may be driven by more than one process or block. (ELAB-405)
Warning:  ../../src/verilog/lsu.v:352: Net mem[2][1] or a directly connected net may be driven by more than one process or block. (ELAB-405)
Warning:  ../../src/verilog/lsu.v:352: Net mem[2][0] or a directly connected net may be driven by more than one process or block. (ELAB-405)
Warning:  ../../src/verilog/lsu.v:352: Net mem[3][11] or a directly connected net may be driven by more than one process or block. (ELAB-405)
Warning:  ../../src/verilog/lsu.v:352: Net mem[3][10] or a directly connected net may be driven by more than one process or block. (ELAB-405)
Warning:  ../../src/verilog/lsu.v:352: Net mem[3][9] or a directly connected net may be driven by more than one process or block. (ELAB-405)
Warning:  ../../src/verilog/lsu.v:352: Net mem[3][8] or a directly connected net may be driven by more than one process or block. (ELAB-405)
Warning:  ../../src/verilog/lsu.v:352: Net mem[3][7] or a directly connected net may be driven by more than one process or block. (ELAB-405)
Warning:  ../../src/verilog/lsu.v:352: Net mem[3][6] or a directly connected net may be driven by more than one process or block. (ELAB-405)
Warning:  ../../src/verilog/lsu.v:352: Net mem[3][5] or a directly connected net may be driven by more than one process or block. (ELAB-405)
Warning:  ../../src/verilog/lsu.v:352: Net mem[3][4] or a directly connected net may be driven by more than one process or block. (ELAB-405)
Warning:  ../../src/verilog/lsu.v:352: Net mem[3][3] or a directly connected net may be driven by more than one process or block. (ELAB-405)
Warning:  ../../src/verilog/lsu.v:352: Net mem[3][2] or a directly connected net may be driven by more than one process or block. (ELAB-405)
Warning:  ../../src/verilog/lsu.v:352: Net mem[3][1] or a directly connected net may be driven by more than one process or block. (ELAB-405)
Warning:  ../../src/verilog/lsu.v:352: Net mem[3][0] or a directly connected net may be driven by more than one process or block. (ELAB-405)

Inferred memory devices in process
	in routine fifo_WIDTH12_DEPTH4_ADDR_LEN2 line 322 in file
		'../../src/verilog/lsu.v'.
===============================================================================
|    Register Name    |   Type    | Width | Bus | MB | AR | AS | SR | SS | ST |
===============================================================================
|       mem_reg       | Flip-flop |  48   |  Y  | N  | N  | N  | N  | N  | N  |
|    fifo_cnt_reg     | Flip-flop |   2   |  Y  | N  | N  | N  | N  | N  | N  |
===============================================================================

Inferred memory devices in process
	in routine fifo_WIDTH12_DEPTH4_ADDR_LEN2 line 339 in file
		'../../src/verilog/lsu.v'.
===============================================================================
|    Register Name    |   Type    | Width | Bus | MB | AR | AS | SR | SS | ST |
===============================================================================
|     rd_ptr_reg      | Flip-flop |   2   |  Y  | N  | N  | N  | N  | N  | N  |
|     wr_ptr_reg      | Flip-flop |   2   |  Y  | N  | N  | N  | N  | N  | N  |
===============================================================================

Inferred memory devices in process
	in routine fifo_WIDTH12_DEPTH4_ADDR_LEN2 line 352 in file
		'../../src/verilog/lsu.v'.
===============================================================================
|    Register Name    |   Type    | Width | Bus | MB | AR | AS | SR | SS | ST |
===============================================================================
|      mem_reg2       | Flip-flop |  48   |  Y  | N  | N  | N  | N  | N  | N  |
===============================================================================
Statistics for MUX_OPs
=======================================================================
|         block name/line           | Inputs | Outputs | # sel inputs |
=======================================================================
| fifo_WIDTH12_DEPTH4_ADDR_LEN2/360 |   4    |   12    |      2       |
=======================================================================
Error:  ../../src/verilog/lsu.v:352: Net 'mem[0][11]' or a directly connected net is driven by more than one source, and not all drivers are three-state. (ELAB-366)
Error:  ../../src/verilog/lsu.v:352: Net 'mem[0][10]' or a directly connected net is driven by more than one source, and not all drivers are three-state. (ELAB-366)
Error:  ../../src/verilog/lsu.v:352: Net 'mem[0][9]' or a directly connected net is driven by more than one source, and not all drivers are three-state. (ELAB-366)
Error:  ../../src/verilog/lsu.v:352: Net 'mem[0][8]' or a directly connected net is driven by more than one source, and not all drivers are three-state. (ELAB-366)
Error:  ../../src/verilog/lsu.v:352: Net 'mem[0][7]' or a directly connected net is driven by more than one source, and not all drivers are three-state. (ELAB-366)
Error:  ../../src/verilog/lsu.v:352: Net 'mem[0][6]' or a directly connected net is driven by more than one source, and not all drivers are three-state. (ELAB-366)
Error:  ../../src/verilog/lsu.v:352: Net 'mem[0][5]' or a directly connected net is driven by more than one source, and not all drivers are three-state. (ELAB-366)
Error:  ../../src/verilog/lsu.v:352: Net 'mem[0][4]' or a directly connected net is driven by more than one source, and not all drivers are three-state. (ELAB-366)
Error:  ../../src/verilog/lsu.v:352: Net 'mem[0][3]' or a directly connected net is driven by more than one source, and not all drivers are three-state. (ELAB-366)
Error:  ../../src/verilog/lsu.v:352: Net 'mem[0][2]' or a directly connected net is driven by more than one source, and not all drivers are three-state. (ELAB-366)
Error:  ../../src/verilog/lsu.v:352: Net 'mem[0][1]' or a directly connected net is driven by more than one source, and not all drivers are three-state. (ELAB-366)
Error:  ../../src/verilog/lsu.v:352: Net 'mem[0][0]' or a directly connected net is driven by more than one source, and not all drivers are three-state. (ELAB-366)
Error:  ../../src/verilog/lsu.v:352: Net 'mem[1][11]' or a directly connected net is driven by more than one source, and not all drivers are three-state. (ELAB-366)
Error:  ../../src/verilog/lsu.v:352: Net 'mem[1][10]' or a directly connected net is driven by more than one source, and not all drivers are three-state. (ELAB-366)
Error:  ../../src/verilog/lsu.v:352: Net 'mem[1][9]' or a directly connected net is driven by more than one source, and not all drivers are three-state. (ELAB-366)
Error:  ../../src/verilog/lsu.v:352: Net 'mem[1][8]' or a directly connected net is driven by more than one source, and not all drivers are three-state. (ELAB-366)
Error:  ../../src/verilog/lsu.v:352: Net 'mem[1][7]' or a directly connected net is driven by more than one source, and not all drivers are three-state. (ELAB-366)
Error:  ../../src/verilog/lsu.v:352: Net 'mem[1][6]' or a directly connected net is driven by more than one source, and not all drivers are three-state. (ELAB-366)
Error:  ../../src/verilog/lsu.v:352: Net 'mem[1][5]' or a directly connected net is driven by more than one source, and not all drivers are three-state. (ELAB-366)
*** Presto compilation terminated with 19 errors. ***
Warning: Unable to resolve reference 'priority_issue' in 'rs'. (LINK-5)
Warning: Unable to resolve reference 'fifo' in 'lsu'. (LINK-5)
Warning: Design 'core' has '2' unresolved references. For more detailed information, use the "link" command. (UID-341)
Information: Updating design information... (UID-85)
 
****************************************
Report : timing
        -path end
        -delay max
        -nets
        -max_paths 200
        -capacitance
Design : core
Version: T-2022.03-SP3
Date   : Mon Jun  5 18:07:17 2023
****************************************

Operating Conditions: slow   Library: NangateOpenCellLibrary
Wire Load Model Mode: top

Endpoint                         Path Delay     Path Required     Slack
------------------------------------------------------------------------
dmem_csb_read_o (out)               2.21 f        infinity     infinity
dmem_csb_write_o (out)              2.17 f        infinity     infinity
dmem_waddr_o[4] (out)               1.69 r        infinity     infinity
dmem_raddr_o[4] (out)               1.69 r        infinity     infinity
dmem_waddr_o[3] (out)               1.69 r        infinity     infinity
dmem_raddr_o[3] (out)               1.69 r        infinity     infinity
dmem_raddr_o[1] (out)               1.67 r        infinity     infinity
dmem_waddr_o[5] (out)               1.66 r        infinity     infinity
dmem_raddr_o[5] (out)               1.66 r        infinity     infinity
dmem_waddr_o[1] (out)               1.64 r        infinity     infinity
dmem_raddr_o[2] (out)               1.63 r        infinity     infinity
dmem_raddr_o[0] (out)               1.28 r        infinity     infinity
dmem_waddr_o[2] (out)               1.27 r        infinity     infinity
dmem_waddr_o[0] (out)               1.27 r        infinity     infinity
imem_addr_o[0] (out)                0.86 r        infinity     infinity
imem_addr_o[2] (out)                0.83 r        infinity     infinity
imem_addr_o[6] (out)                0.82 r        infinity     infinity
imem_addr_o[4] (out)                0.82 r        infinity     infinity
imem_addr_o[1] (out)                0.80 r        infinity     infinity
imem_addr_o[7] (out)                0.73 r        infinity     infinity
imem_addr_o[5] (out)                0.73 r        infinity     infinity
imem_addr_o[3] (out)                0.73 r        infinity     infinity
dmem_wmask_o[3] (out)               0.57 r        infinity     infinity
dmem_wmask_o[2] (out)               0.57 r        infinity     infinity
dmem_wmask_o[1] (out)               0.57 r        infinity     infinity
dmem_wmask_o[0] (out)               0.57 r        infinity     infinity

1
