 
****************************************
Report : area
Design : fetch
Version: T-2022.03-SP3
Date   : Tue Jun  6 21:41:04 2023
****************************************

Library(s) Used:

    NangateOpenCellLibrary (File: /homes/gbeatty3/ee478/gbeatty3/OoO_Processor/out-of-order/OOO_no_macros/freepdk-45nm/stdcells-wc.db)

Number of ports:                          141
Number of nets:                           402
Number of cells:                          322
Number of combinational cells:            224
Number of sequential cells:                98
Number of macros/black boxes:               0
Number of buf/inv:                         11
Number of references:                      16

Combinational area:                241.262002
Buf/Inv area:                        6.916000
Noncombinational area:             443.155984
Macro/Black Box area:                0.000000
Net Interconnect area:      undefined  (Wire load has zero net area)

Total cell area:                   684.417986
Total area:                 undefined

The above information was reported from the logical library. The following are from the physical library:

Hierarchical area distribution
------------------------------

                                  Global cell area          Local cell area
                                  ------------------  --------------------------- 
Hierarchical cell                 Absolute   Percent  Combi-    Noncombi-  Black-
                                  Total      Total    national  national   boxes   Design
--------------------------------  ---------  -------  --------  ---------  ------  ---------
fetch                              684.4180    100.0  241.2620   443.1560  0.0000  fetch
--------------------------------  ---------  -------  --------  ---------  ------  ---------
Total                                                 241.2620   443.1560  0.0000

1
