 
****************************************
Report : power
        -hier
        -analysis_effort low
Design : fetch
Version: T-2022.03-SP3
Date   : Tue Jun  6 21:41:04 2023
****************************************


Library(s) Used:

    NangateOpenCellLibrary (File: /homes/gbeatty3/ee478/gbeatty3/OoO_Processor/out-of-order/OOO_no_macros/freepdk-45nm/stdcells-wc.db)


Operating Conditions: slow   Library: NangateOpenCellLibrary
Wire Load Model Mode: top

Design        Wire Load Model            Library
------------------------------------------------
fetch                  5K_hvratio_1_1    NangateOpenCellLibrary


Global Operating Voltage = 0.95 
Power-specific unit information :
    Voltage Units = 1V
    Capacitance Units = 1.000000ff
    Time Units = 1ns
    Dynamic Power Units = 1uW    (derived from V,C,T units)
    Leakage Power Units = 1nW


--------------------------------------------------------------------------------
                                       Switch   Int      Leak     Total
Hierarchy                              Power    Power    Power    Power    %
--------------------------------------------------------------------------------
fetch                                     8.550   43.268 8.50e+03   60.318 100.0
1
