Information: Updating design information... (UID-85)
 
****************************************
Report : timing
        -path end
        -delay max
        -nets
        -max_paths 200
        -capacitance
Design : fetch
Version: T-2022.03-SP3
Date   : Tue Jun  6 21:41:04 2023
****************************************

Operating Conditions: slow   Library: NangateOpenCellLibrary
Wire Load Model Mode: top

Endpoint                         Path Delay     Path Required     Slack
------------------------------------------------------------------------
pc_reg[31]/D (DFF_X1)               5.66 f            9.81         4.15
pc_reg[30]/D (DFF_X1)               5.41 r            9.87         4.46
pc_reg[29]/D (DFF_X1)               5.28 f            9.81         4.53
pc_reg[28]/D (DFF_X1)               5.17 r            9.87         4.70
pc_reg[27]/D (DFF_X1)               5.00 r            9.87         4.87
pc_reg[26]/D (DFF_X1)               4.86 f            9.81         4.96
pc_reg[25]/D (DFF_X1)               4.77 f            9.81         5.04
pc_reg[24]/D (DFF_X1)               4.48 r            9.87         5.39
pc_reg[23]/D (DFF_X1)               4.31 r            9.87         5.56
pc_reg[22]/D (DFF_X1)               4.17 f            9.81         5.65
pc_reg[21]/D (DFF_X1)               4.07 f            9.81         5.74
pc_reg[20]/D (DFF_X1)               3.79 r            9.87         6.08
pc_reg[19]/D (DFF_X1)               3.62 r            9.87         6.25
pc_reg[18]/D (DFF_X1)               3.48 f            9.81         6.34
pc_reg[17]/D (DFF_X1)               3.39 f            9.81         6.43
pc_reg[16]/D (DFF_X1)               3.10 r            9.87         6.77
pc_reg[15]/D (DFF_X1)               2.93 r            9.87         6.94
pc_reg[14]/D (DFF_X1)               2.78 f            9.81         7.03
pc_reg[13]/D (DFF_X1)               2.69 f            9.81         7.12
pc_reg[12]/D (DFF_X1)               2.41 r            9.87         7.46
pc_reg[11]/D (DFF_X1)               2.24 r            9.87         7.63
pc_reg[10]/D (DFF_X1)               2.09 f            9.81         7.72
pc_reg[9]/D (DFF_X1)                2.00 f            9.79         7.79
pc_reg[4]/D (DFF_X1)                2.05 r            9.85         7.80
pc_reg[3]/D (DFF_X1)                1.96 r            9.87         7.91
pc_reg[2]/D (DFF_X1)                1.95 r            9.87         7.91
pc_reg[11]/D (DFF_X1)               1.95 r            9.87         7.92
pc_reg[7]/D (DFF_X1)                1.95 r            9.87         7.92
pc_reg[28]/D (DFF_X1)               1.95 r            9.87         7.92
pc_reg[24]/D (DFF_X1)               1.94 r            9.87         7.93
pc_reg[20]/D (DFF_X1)               1.94 r            9.87         7.93
pc_reg[16]/D (DFF_X1)               1.94 r            9.87         7.93
pc_reg[12]/D (DFF_X1)               1.94 r            9.87         7.93
pc_reg[8]/D (DFF_X1)                1.94 r            9.87         7.93
pc_reg[27]/D (DFF_X1)               1.94 r            9.87         7.93
pc_reg[23]/D (DFF_X1)               1.94 r            9.87         7.93
pc_reg[19]/D (DFF_X1)               1.94 r            9.87         7.93
pc_reg[15]/D (DFF_X1)               1.94 r            9.87         7.93
pc_reg[31]/D (DFF_X1)               1.91 r            9.87         7.96
pc_reg[26]/D (DFF_X1)               1.91 r            9.87         7.96
pc_reg[22]/D (DFF_X1)               1.91 r            9.87         7.96
pc_reg[14]/D (DFF_X1)               1.91 r            9.87         7.96
pc_reg[18]/D (DFF_X1)               1.91 r            9.87         7.96
pc_reg[10]/D (DFF_X1)               1.91 r            9.87         7.96
pc_reg[1]/D (DFF_X1)                1.77 r            9.88         8.11
pc_reg[0]/D (DFF_X1)                1.77 r            9.88         8.11
pc_reg[9]/D (DFF_X1)                1.75 r            9.87         8.12
pc_reg[5]/D (DFF_X1)                1.75 r            9.87         8.12
pc_reg[6]/D (DFF_X1)                1.75 r            9.87         8.12
pc_reg[29]/D (DFF_X1)               1.75 r            9.87         8.12
pc_reg[25]/D (DFF_X1)               1.75 r            9.87         8.12
pc_reg[17]/D (DFF_X1)               1.75 r            9.87         8.12
pc_reg[13]/D (DFF_X1)               1.75 r            9.87         8.12
pc_reg[30]/D (DFF_X1)               1.73 r            9.87         8.14
pc_reg[8]/D (DFF_X1)                1.72 r            9.87         8.15
pc_reg[21]/D (DFF_X1)               1.69 r            9.87         8.18
pc_reg[7]/D (DFF_X1)                1.55 r            9.87         8.32
pc_reg[6]/D (DFF_X1)                1.43 f            9.79         8.37
pc_reg[5]/D (DFF_X1)                1.36 f            9.79         8.43
inst_o_reg[31]/D (DFF_X1)           1.21 r            9.89         8.68
inst_o_reg[30]/D (DFF_X1)           1.21 r            9.89         8.68
inst_o_reg[29]/D (DFF_X1)           1.21 r            9.89         8.68
inst_o_reg[28]/D (DFF_X1)           1.21 r            9.89         8.68
inst_o_reg[27]/D (DFF_X1)           1.21 r            9.89         8.68
inst_o_reg[26]/D (DFF_X1)           1.21 r            9.89         8.68
inst_o_reg[25]/D (DFF_X1)           1.21 r            9.89         8.68
inst_o_reg[24]/D (DFF_X1)           1.21 r            9.89         8.68
inst_o_reg[23]/D (DFF_X1)           1.21 r            9.89         8.68
inst_o_reg[22]/D (DFF_X1)           1.21 r            9.89         8.68
inst_o_reg[1]/D (DFF_X1)            1.21 r            9.89         8.68
pc_o_reg[1]/D (DFF_X1)              1.21 r            9.89         8.68
pc_o_reg[0]/D (DFF_X1)              1.21 r            9.89         8.68
pc_o_reg[31]/D (DFF_X1)             1.21 r            9.89         8.68
pc_o_reg[26]/D (DFF_X1)             1.21 r            9.89         8.68
pc_o_reg[6]/D (DFF_X1)              1.21 r            9.89         8.68
pc_reg[4]/D (DFF_X1)                1.13 r            9.85         8.72
inst_valid_reg[0]/D (DFF_X1)        1.05 r            9.82         8.78
pc_reg[3]/D (DFF_X1)                0.90 f            9.81         8.91
inst_valid_o_reg/D (DFF_X1)         0.82 f            9.82         9.00
imem_addr_o[7] (out)                0.85 r            9.85         9.00
imem_addr_o[3] (out)                0.85 r            9.85         9.00
pc_reg[2]/D (DFF_X1)                0.82 r            9.87         9.05
imem_addr_o[0] (out)                0.79 r            9.85         9.06
imem_addr_o[4] (out)                0.79 r            9.85         9.06
pc_o_reg[9]/D (DFF_X1)              0.80 r            9.88         9.08
pc_o_reg[5]/D (DFF_X1)              0.80 r            9.88         9.08
inst_o_reg[21]/D (DFF_X1)           0.79 r            9.88         9.10
inst_o_reg[20]/D (DFF_X1)           0.79 r            9.88         9.10
inst_o_reg[19]/D (DFF_X1)           0.79 r            9.88         9.10
inst_o_reg[18]/D (DFF_X1)           0.79 r            9.88         9.10
inst_o_reg[17]/D (DFF_X1)           0.79 r            9.88         9.10
inst_o_reg[16]/D (DFF_X1)           0.79 r            9.88         9.10
inst_o_reg[15]/D (DFF_X1)           0.79 r            9.88         9.10
inst_o_reg[14]/D (DFF_X1)           0.79 r            9.88         9.10
inst_o_reg[13]/D (DFF_X1)           0.79 r            9.88         9.10
inst_o_reg[12]/D (DFF_X1)           0.79 r            9.88         9.10
inst_o_reg[11]/D (DFF_X1)           0.79 r            9.88         9.10
inst_o_reg[10]/D (DFF_X1)           0.79 r            9.88         9.10
inst_o_reg[9]/D (DFF_X1)            0.79 r            9.88         9.10
inst_o_reg[8]/D (DFF_X1)            0.79 r            9.88         9.10
inst_o_reg[7]/D (DFF_X1)            0.79 r            9.88         9.10
inst_o_reg[6]/D (DFF_X1)            0.79 r            9.88         9.10
inst_o_reg[5]/D (DFF_X1)            0.79 r            9.88         9.10
inst_o_reg[4]/D (DFF_X1)            0.79 r            9.88         9.10
inst_o_reg[3]/D (DFF_X1)            0.79 r            9.88         9.10
inst_o_reg[2]/D (DFF_X1)            0.79 r            9.88         9.10
inst_o_reg[0]/D (DFF_X1)            0.79 r            9.88         9.10
pc_o_reg[25]/D (DFF_X1)             0.78 r            9.88         9.10
pc_o_reg[22]/D (DFF_X1)             0.78 r            9.88         9.10
pc_o_reg[21]/D (DFF_X1)             0.78 r            9.88         9.10
pc_o_reg[18]/D (DFF_X1)             0.78 r            9.88         9.10
pc_o_reg[17]/D (DFF_X1)             0.78 r            9.88         9.10
pc_o_reg[14]/D (DFF_X1)             0.78 r            9.88         9.10
pc_o_reg[13]/D (DFF_X1)             0.78 r            9.88         9.10
pc_o_reg[10]/D (DFF_X1)             0.78 r            9.88         9.10
pc_o_reg[9]/D (DFF_X1)              0.78 r            9.88         9.10
pc_o_reg[5]/D (DFF_X1)              0.78 r            9.88         9.10
imem_addr_o[1] (out)                0.73 r            9.85         9.12
pc_o_reg[6]/D (DFF_X1)              0.76 r            9.89         9.13
imem_addr_o[2] (out)                0.70 r            9.85         9.15
imem_addr_o[6] (out)                0.70 r            9.85         9.15
pc_o[31] (out)                      0.66 r            9.85         9.19
pc_o[30] (out)                      0.66 r            9.85         9.19
pc_o[29] (out)                      0.66 r            9.85         9.19
pc_o[28] (out)                      0.66 r            9.85         9.19
pc_o[27] (out)                      0.66 r            9.85         9.19
pc_o[26] (out)                      0.66 r            9.85         9.19
pc_o[25] (out)                      0.66 r            9.85         9.19
pc_o[24] (out)                      0.66 r            9.85         9.19
pc_o[23] (out)                      0.66 r            9.85         9.19
pc_o[22] (out)                      0.66 r            9.85         9.19
pc_o[21] (out)                      0.66 r            9.85         9.19
pc_o[20] (out)                      0.66 r            9.85         9.19
pc_o[19] (out)                      0.66 r            9.85         9.19
pc_o[18] (out)                      0.66 r            9.85         9.19
pc_o[17] (out)                      0.66 r            9.85         9.19
pc_o[16] (out)                      0.66 r            9.85         9.19
pc_o[15] (out)                      0.66 r            9.85         9.19
pc_o[14] (out)                      0.66 r            9.85         9.19
pc_o[13] (out)                      0.66 r            9.85         9.19
pc_o[12] (out)                      0.66 r            9.85         9.19
pc_o[11] (out)                      0.66 r            9.85         9.19
pc_o[10] (out)                      0.66 r            9.85         9.19
pc_o[9] (out)                       0.66 r            9.85         9.19
pc_o[8] (out)                       0.66 r            9.85         9.19
pc_o[7] (out)                       0.66 r            9.85         9.19
pc_o[6] (out)                       0.66 r            9.85         9.19
pc_o[5] (out)                       0.66 r            9.85         9.19
pc_o[4] (out)                       0.66 r            9.85         9.19
pc_o[3] (out)                       0.66 r            9.85         9.19
pc_o[2] (out)                       0.66 r            9.85         9.19
pc_o[1] (out)                       0.66 r            9.85         9.19
pc_o[0] (out)                       0.66 r            9.85         9.19
inst_o[31] (out)                    0.66 r            9.85         9.19
inst_o[30] (out)                    0.66 r            9.85         9.19
inst_o[29] (out)                    0.66 r            9.85         9.19
inst_o[28] (out)                    0.66 r            9.85         9.19
inst_o[27] (out)                    0.66 r            9.85         9.19
inst_o[26] (out)                    0.66 r            9.85         9.19
inst_o[25] (out)                    0.66 r            9.85         9.19
inst_o[24] (out)                    0.66 r            9.85         9.19
inst_o[23] (out)                    0.66 r            9.85         9.19
inst_o[22] (out)                    0.66 r            9.85         9.19
inst_o[21] (out)                    0.66 r            9.85         9.19
inst_o[20] (out)                    0.66 r            9.85         9.19
inst_o[19] (out)                    0.66 r            9.85         9.19
inst_o[18] (out)                    0.66 r            9.85         9.19
inst_o[17] (out)                    0.66 r            9.85         9.19
inst_o[16] (out)                    0.66 r            9.85         9.19
inst_o[15] (out)                    0.66 r            9.85         9.19
inst_o[14] (out)                    0.66 r            9.85         9.19
inst_o[13] (out)                    0.66 r            9.85         9.19
inst_o[12] (out)                    0.66 r            9.85         9.19
inst_o[11] (out)                    0.66 r            9.85         9.19
inst_o[10] (out)                    0.66 r            9.85         9.19
inst_o[9] (out)                     0.66 r            9.85         9.19
inst_o[8] (out)                     0.66 r            9.85         9.19
inst_o[7] (out)                     0.66 r            9.85         9.19
inst_o[6] (out)                     0.66 r            9.85         9.19
inst_o[5] (out)                     0.66 r            9.85         9.19
inst_o[4] (out)                     0.66 r            9.85         9.19
inst_o[3] (out)                     0.66 r            9.85         9.19
inst_o[2] (out)                     0.66 r            9.85         9.19
inst_o[1] (out)                     0.66 r            9.85         9.19
inst_o[0] (out)                     0.66 r            9.85         9.19
inst_valid_o (out)                  0.66 r            9.85         9.19
imem_addr_o[5] (out)                0.66 r            9.85         9.19
pc_reg[1]/D (DFF_X1)                0.50 f            9.81         9.32
pc_reg[0]/D (DFF_X1)                0.50 f            9.81         9.32
pc_o_reg[25]/D (DFF_X1)             0.54 r            9.88         9.34
pc_o_reg[21]/D (DFF_X1)             0.54 r            9.88         9.34
pc_o_reg[17]/D (DFF_X1)             0.54 r            9.88         9.34
pc_o_reg[13]/D (DFF_X1)             0.54 r            9.88         9.34
inst_valid_o_reg/D (DFF_X1)         0.51 r            9.88         9.37
pc_o_reg[22]/D (DFF_X1)             0.49 r            9.88         9.39
pc_o_reg[18]/D (DFF_X1)             0.49 r            9.88         9.39
pc_o_reg[14]/D (DFF_X1)             0.49 r            9.88         9.39
pc_o_reg[10]/D (DFF_X1)             0.49 r            9.88         9.39
pc_o_reg[26]/D (DFF_X1)             0.49 r            9.89         9.39
pc_o_reg[31]/D (DFF_X1)             0.47 r            9.89         9.41

1
