 
****************************************
Report : timing
        -path end
        -delay min
        -nets
        -max_paths 200
        -capacitance
Design : fetch
Version: T-2022.03-SP3
Date   : Tue Jun  6 21:41:04 2023
****************************************

Operating Conditions: fast   Library: NangateOpenCellLibrary
Wire Load Model Mode: top

Endpoint                         Path Delay     Path Required     Slack
------------------------------------------------------------------------
inst_valid_o_reg/D (DFF_X1)         0.11 f            0.03         0.09
pc_o_reg[30]/D (DFF_X1)             0.11 f            0.03         0.09
pc_o_reg[29]/D (DFF_X1)             0.11 f            0.03         0.09
pc_o_reg[28]/D (DFF_X1)             0.11 f            0.03         0.09
pc_o_reg[27]/D (DFF_X1)             0.11 f            0.03         0.09
pc_o_reg[24]/D (DFF_X1)             0.11 f            0.03         0.09
pc_o_reg[23]/D (DFF_X1)             0.11 f            0.03         0.09
pc_o_reg[20]/D (DFF_X1)             0.11 f            0.03         0.09
pc_o_reg[19]/D (DFF_X1)             0.11 f            0.03         0.09
pc_o_reg[16]/D (DFF_X1)             0.11 f            0.03         0.09
pc_o_reg[15]/D (DFF_X1)             0.11 f            0.03         0.09
pc_o_reg[12]/D (DFF_X1)             0.11 f            0.03         0.09
pc_o_reg[11]/D (DFF_X1)             0.11 f            0.03         0.09
pc_o_reg[8]/D (DFF_X1)              0.11 f            0.03         0.09
pc_o_reg[7]/D (DFF_X1)              0.11 f            0.03         0.09
pc_o_reg[4]/D (DFF_X1)              0.11 f            0.03         0.09
pc_o_reg[3]/D (DFF_X1)              0.11 f            0.03         0.09
pc_o_reg[2]/D (DFF_X1)              0.11 f            0.03         0.09
pc_reg[1]/D (DFF_X1)                0.20 r            0.05         0.14
pc_reg[0]/D (DFF_X1)                0.20 r            0.05         0.14
pc_reg[31]/D (DFF_X1)               0.21 r            0.06         0.15
pc_reg[30]/D (DFF_X1)               0.21 r            0.06         0.15
pc_reg[27]/D (DFF_X1)               0.21 r            0.06         0.15
pc_reg[23]/D (DFF_X1)               0.21 r            0.06         0.15
pc_reg[19]/D (DFF_X1)               0.21 r            0.06         0.15
pc_reg[15]/D (DFF_X1)               0.21 r            0.06         0.15
pc_reg[11]/D (DFF_X1)               0.21 r            0.06         0.15
pc_reg[7]/D (DFF_X1)                0.21 r            0.06         0.15
inst_o_reg[28]/D (DFF_X1)           0.21 r            0.05         0.15
inst_o_reg[24]/D (DFF_X1)           0.21 r            0.05         0.15
inst_o_reg[20]/D (DFF_X1)           0.21 r            0.05         0.15
inst_o_reg[16]/D (DFF_X1)           0.21 r            0.05         0.15
inst_o_reg[12]/D (DFF_X1)           0.21 r            0.05         0.15
inst_o_reg[8]/D (DFF_X1)            0.21 r            0.05         0.15
inst_o_reg[4]/D (DFF_X1)            0.21 r            0.05         0.15
inst_o_reg[0]/D (DFF_X1)            0.21 r            0.05         0.15
inst_o_reg[29]/D (DFF_X1)           0.21 r            0.05         0.15
inst_o_reg[25]/D (DFF_X1)           0.21 r            0.05         0.15
inst_o_reg[21]/D (DFF_X1)           0.21 r            0.05         0.15
inst_o_reg[17]/D (DFF_X1)           0.21 r            0.05         0.15
inst_o_reg[13]/D (DFF_X1)           0.21 r            0.05         0.15
inst_o_reg[9]/D (DFF_X1)            0.21 r            0.05         0.15
inst_o_reg[5]/D (DFF_X1)            0.21 r            0.05         0.15
inst_o_reg[1]/D (DFF_X1)            0.21 r            0.05         0.15
inst_o_reg[30]/D (DFF_X1)           0.21 r            0.05         0.15
inst_o_reg[26]/D (DFF_X1)           0.21 r            0.05         0.15
inst_o_reg[22]/D (DFF_X1)           0.21 r            0.05         0.15
inst_o_reg[18]/D (DFF_X1)           0.21 r            0.05         0.15
inst_o_reg[14]/D (DFF_X1)           0.21 r            0.05         0.15
inst_o_reg[10]/D (DFF_X1)           0.21 r            0.05         0.15
inst_o_reg[6]/D (DFF_X1)            0.21 r            0.05         0.15
inst_o_reg[2]/D (DFF_X1)            0.21 r            0.05         0.15
inst_o_reg[31]/D (DFF_X1)           0.21 r            0.05         0.15
inst_o_reg[27]/D (DFF_X1)           0.21 r            0.05         0.15
inst_o_reg[23]/D (DFF_X1)           0.21 r            0.05         0.15
inst_o_reg[19]/D (DFF_X1)           0.21 r            0.05         0.15
inst_o_reg[15]/D (DFF_X1)           0.21 r            0.05         0.15
inst_o_reg[11]/D (DFF_X1)           0.21 r            0.05         0.15
inst_o_reg[7]/D (DFF_X1)            0.21 r            0.05         0.15
inst_o_reg[3]/D (DFF_X1)            0.21 r            0.05         0.15
pc_reg[28]/D (DFF_X1)               0.21 r            0.06         0.15
pc_reg[24]/D (DFF_X1)               0.21 r            0.06         0.15
pc_reg[20]/D (DFF_X1)               0.21 r            0.06         0.15
pc_reg[16]/D (DFF_X1)               0.21 r            0.06         0.15
pc_reg[12]/D (DFF_X1)               0.21 r            0.06         0.15
pc_reg[8]/D (DFF_X1)                0.21 r            0.06         0.15
pc_reg[4]/D (DFF_X1)                0.22 r            0.06         0.15
pc_reg[25]/D (DFF_X1)               0.22 r            0.06         0.16
pc_reg[21]/D (DFF_X1)               0.22 r            0.06         0.16
pc_reg[17]/D (DFF_X1)               0.22 r            0.06         0.16
pc_reg[13]/D (DFF_X1)               0.22 r            0.06         0.16
pc_reg[9]/D (DFF_X1)                0.22 r            0.06         0.16
pc_reg[5]/D (DFF_X1)                0.22 r            0.06         0.16
pc_reg[26]/D (DFF_X1)               0.22 r            0.06         0.16
pc_reg[22]/D (DFF_X1)               0.22 r            0.06         0.16
pc_reg[18]/D (DFF_X1)               0.22 r            0.06         0.16
pc_reg[14]/D (DFF_X1)               0.22 r            0.06         0.16
pc_reg[10]/D (DFF_X1)               0.22 r            0.06         0.16
pc_reg[6]/D (DFF_X1)                0.22 r            0.06         0.16
pc_reg[29]/D (DFF_X1)               0.22 r            0.06         0.16
pc_reg[3]/D (DFF_X1)                0.22 r            0.06         0.16
pc_reg[2]/D (DFF_X1)                0.22 r            0.06         0.16
pc_o_reg[3]/D (DFF_X1)              0.23 f            0.03         0.20
pc_o_reg[2]/D (DFF_X1)              0.23 f            0.03         0.20
pc_reg[3]/D (DFF_X1)                0.24 f            0.03         0.21
pc_o_reg[30]/D (DFF_X1)             0.25 f            0.03         0.22
pc_o_reg[28]/D (DFF_X1)             0.25 f            0.03         0.22
pc_o_reg[24]/D (DFF_X1)             0.25 f            0.03         0.22
pc_o_reg[20]/D (DFF_X1)             0.25 f            0.03         0.22
pc_o_reg[16]/D (DFF_X1)             0.25 f            0.03         0.22
pc_o_reg[12]/D (DFF_X1)             0.25 f            0.03         0.22
pc_o_reg[8]/D (DFF_X1)              0.25 f            0.03         0.22
pc_o_reg[29]/D (DFF_X1)             0.25 f            0.03         0.22
pc_reg[8]/D (DFF_X1)                0.26 f            0.03         0.23
pc_reg[28]/D (DFF_X1)               0.26 f            0.03         0.23
pc_reg[24]/D (DFF_X1)               0.26 f            0.03         0.23
pc_reg[20]/D (DFF_X1)               0.26 f            0.03         0.23
pc_reg[16]/D (DFF_X1)               0.26 f            0.03         0.23
pc_reg[12]/D (DFF_X1)               0.26 f            0.03         0.23
pc_reg[30]/D (DFF_X1)               0.26 f            0.03         0.23
pc_o_reg[4]/D (DFF_X1)              0.27 f            0.03         0.24
pc_reg[29]/D (DFF_X1)               0.31 r            0.06         0.25
pc_reg[4]/D (DFF_X1)                0.28 f            0.03         0.25
pc_reg[31]/D (DFF_X1)               0.32 r            0.06         0.26
pc_reg[26]/D (DFF_X1)               0.32 r            0.06         0.26
pc_reg[22]/D (DFF_X1)               0.32 r            0.06         0.26
pc_reg[18]/D (DFF_X1)               0.32 r            0.06         0.26
pc_reg[14]/D (DFF_X1)               0.32 r            0.06         0.26
pc_reg[10]/D (DFF_X1)               0.32 r            0.06         0.26
pc_o_reg[27]/D (DFF_X1)             0.30 f            0.03         0.27
pc_o_reg[23]/D (DFF_X1)             0.30 f            0.03         0.27
pc_o_reg[19]/D (DFF_X1)             0.30 f            0.03         0.27
pc_o_reg[15]/D (DFF_X1)             0.30 f            0.03         0.27
pc_o_reg[11]/D (DFF_X1)             0.30 f            0.03         0.27
pc_o_reg[7]/D (DFF_X1)              0.30 f            0.03         0.27
pc_o_reg[1]/D (DFF_X1)              0.31 f            0.03         0.27
pc_o_reg[0]/D (DFF_X1)              0.31 f            0.03         0.27
pc_reg[25]/D (DFF_X1)               0.34 r            0.06         0.28
pc_reg[21]/D (DFF_X1)               0.34 r            0.06         0.28
pc_reg[17]/D (DFF_X1)               0.34 r            0.06         0.28
pc_reg[13]/D (DFF_X1)               0.34 r            0.06         0.28
inst_valid_o_reg/D (DFF_X1)         0.31 f            0.03         0.28
pc_reg[27]/D (DFF_X1)               0.32 f            0.03         0.29
pc_reg[23]/D (DFF_X1)               0.32 f            0.03         0.29
pc_reg[19]/D (DFF_X1)               0.32 f            0.03         0.29
pc_reg[15]/D (DFF_X1)               0.32 f            0.03         0.29
pc_reg[11]/D (DFF_X1)               0.32 f            0.03         0.29
pc_reg[7]/D (DFF_X1)                0.32 f            0.03         0.29
pc_o_reg[31]/D (DFF_X1)             0.32 f            0.03         0.29
pc_o_reg[26]/D (DFF_X1)             0.33 f            0.03         0.30
pc_o_reg[22]/D (DFF_X1)             0.33 f            0.03         0.30
pc_o_reg[18]/D (DFF_X1)             0.33 f            0.03         0.30
pc_o_reg[14]/D (DFF_X1)             0.33 f            0.03         0.30
pc_o_reg[10]/D (DFF_X1)             0.33 f            0.03         0.30
pc_o_reg[9]/D (DFF_X1)              0.34 f            0.03         0.31
pc_o_reg[5]/D (DFF_X1)              0.34 f            0.03         0.31
pc_o_reg[25]/D (DFF_X1)             0.34 f            0.03         0.31
pc_o_reg[21]/D (DFF_X1)             0.34 f            0.03         0.31
pc_o_reg[17]/D (DFF_X1)             0.34 f            0.03         0.31
pc_o_reg[13]/D (DFF_X1)             0.34 f            0.03         0.31
pc_o_reg[22]/D (DFF_X1)             0.34 f            0.03         0.31
pc_o_reg[18]/D (DFF_X1)             0.34 f            0.03         0.31
pc_o_reg[14]/D (DFF_X1)             0.34 f            0.03         0.31
pc_o_reg[10]/D (DFF_X1)             0.34 f            0.03         0.31
pc_o_reg[25]/D (DFF_X1)             0.34 f            0.03         0.31
pc_o_reg[21]/D (DFF_X1)             0.34 f            0.03         0.31
pc_o_reg[17]/D (DFF_X1)             0.34 f            0.03         0.31
pc_o_reg[13]/D (DFF_X1)             0.34 f            0.03         0.31
pc_reg[1]/D (DFF_X1)                0.36 r            0.05         0.31
pc_reg[0]/D (DFF_X1)                0.36 r            0.05         0.31
pc_reg[6]/D (DFF_X1)                0.40 r            0.06         0.34
pc_reg[2]/D (DFF_X1)                0.40 r            0.06         0.34
pc_reg[9]/D (DFF_X1)                0.38 f            0.03         0.35
pc_reg[5]/D (DFF_X1)                0.41 r            0.06         0.35
pc_o_reg[6]/D (DFF_X1)              0.41 f            0.03         0.37
pc_o_reg[9]/D (DFF_X1)              0.42 f            0.03         0.39
pc_o_reg[5]/D (DFF_X1)              0.42 f            0.03         0.39
inst_valid_reg[0]/D (DFF_X1)        0.45 f            0.06         0.39
pc_o[31] (out)                      0.39 f           -0.09         0.48
pc_o[30] (out)                      0.39 f           -0.09         0.48
pc_o[29] (out)                      0.39 f           -0.09         0.48
pc_o[28] (out)                      0.39 f           -0.09         0.48
pc_o[27] (out)                      0.39 f           -0.09         0.48
pc_o[26] (out)                      0.39 f           -0.09         0.48
pc_o[25] (out)                      0.39 f           -0.09         0.48
pc_o[24] (out)                      0.39 f           -0.09         0.48
pc_o[23] (out)                      0.39 f           -0.09         0.48
pc_o[22] (out)                      0.39 f           -0.09         0.48
pc_o[21] (out)                      0.39 f           -0.09         0.48
pc_o[20] (out)                      0.39 f           -0.09         0.48
pc_o[19] (out)                      0.39 f           -0.09         0.48
pc_o[18] (out)                      0.39 f           -0.09         0.48
pc_o[17] (out)                      0.39 f           -0.09         0.48
pc_o[16] (out)                      0.39 f           -0.09         0.48
pc_o[15] (out)                      0.39 f           -0.09         0.48
pc_o[14] (out)                      0.39 f           -0.09         0.48
pc_o[13] (out)                      0.39 f           -0.09         0.48
pc_o[12] (out)                      0.39 f           -0.09         0.48
pc_o[11] (out)                      0.39 f           -0.09         0.48
pc_o[10] (out)                      0.39 f           -0.09         0.48
pc_o[9] (out)                       0.39 f           -0.09         0.48
pc_o[8] (out)                       0.39 f           -0.09         0.48
pc_o[7] (out)                       0.39 f           -0.09         0.48
pc_o[6] (out)                       0.39 f           -0.09         0.48
pc_o[5] (out)                       0.39 f           -0.09         0.48
pc_o[4] (out)                       0.39 f           -0.09         0.48
pc_o[3] (out)                       0.39 f           -0.09         0.48
pc_o[2] (out)                       0.39 f           -0.09         0.48
pc_o[1] (out)                       0.39 f           -0.09         0.48
pc_o[0] (out)                       0.39 f           -0.09         0.48
inst_o[31] (out)                    0.39 f           -0.09         0.48
inst_o[30] (out)                    0.39 f           -0.09         0.48
inst_o[29] (out)                    0.39 f           -0.09         0.48
inst_o[28] (out)                    0.39 f           -0.09         0.48
inst_o[27] (out)                    0.39 f           -0.09         0.48
inst_o[26] (out)                    0.39 f           -0.09         0.48
inst_o[25] (out)                    0.39 f           -0.09         0.48
inst_o[24] (out)                    0.39 f           -0.09         0.48
inst_o[23] (out)                    0.39 f           -0.09         0.48
inst_o[22] (out)                    0.39 f           -0.09         0.48

1
